[ 2019-06-18T15:10:33+08:00 ] 127.0.0.1 /index.php?m=admin&c=login&a=login
INFO: [ app_init ] --START--
INFO: Run Behavior\BuildLiteBehavior [ RunTime:0.000000s ]
INFO: [ app_init ] --END-- [ RunTime:0.001000s ]

[ 2019-06-18T15:10:33+08:00 ] 127.0.0.1 /index.php?m=admin&c=login&a=code
INFO: [ app_init ] --START--
INFO: Run Behavior\BuildLiteBehavior [ RunTime:0.000000s ]
INFO: [ app_init ] --END-- [ RunTime:0.000000s ]

[ 2019-06-18T15:10:39+08:00 ] 127.0.0.1 /index.php?m=admin&c=login&a=dologin
INFO: [ app_init ] --START--
INFO: Run Behavior\BuildLiteBehavior [ RunTime:0.000000s ]
INFO: [ app_init ] --END-- [ RunTime:0.000000s ]

[ 2019-06-18T15:10:40+08:00 ] 127.0.0.1 /index.php?m=admin&c=index&a=index
INFO: [ app_init ] --START--
INFO: Run Behavior\BuildLiteBehavior [ RunTime:0.000000s ]
INFO: [ app_init ] --END-- [ RunTime:0.000000s ]

[ 2019-06-18T15:10:41+08:00 ] 127.0.0.1 /index.php?m=admin&c=user&a=editmi
INFO: [ app_init ] --START--
INFO: Run Behavior\BuildLiteBehavior [ RunTime:0.000000s ]
INFO: [ app_init ] --END-- [ RunTime:0.000000s ]

[ 2019-06-18T15:10:43+08:00 ] 127.0.0.1 /index.php?m=Admin&c=User&a=updatemi&uid=2
INFO: [ app_init ] --START--
INFO: Run Behavior\BuildLiteBehavior [ RunTime:0.000000s ]
INFO: [ app_init ] --END-- [ RunTime:0.000000s ]

[ 2019-06-18T15:10:44+08:00 ] 127.0.0.1 /index.php?m=admin&c=login&a=index
INFO: [ app_init ] --START--
INFO: Run Behavior\BuildLiteBehavior [ RunTime:0.000000s ]
INFO: [ app_init ] --END-- [ RunTime:0.000000s ]
ERR: 非法操作:index

[ 2019-06-18T15:11:38+08:00 ] 127.0.0.1 /index.php?m=admin&c=login&a=index
INFO: [ app_init ] --START--
INFO: Run Behavior\BuildLiteBehavior [ RunTime:0.000000s ]
INFO: [ app_init ] --END-- [ RunTime:0.000000s ]
ERR: 非法操作:index

[ 2019-06-18T15:11:40+08:00 ] 127.0.0.1 /index.php?m=admin&c=user&a=editmi
INFO: [ app_init ] --START--
INFO: Run Behavior\BuildLiteBehavior [ RunTime:0.000000s ]
INFO: [ app_init ] --END-- [ RunTime:0.000000s ]

[ 2019-06-18T15:11:40+08:00 ] 127.0.0.1 /index.php?m=admin&c=user&a=editmi
INFO: [ app_init ] --START--
INFO: Run Behavior\BuildLiteBehavior [ RunTime:0.001000s ]
INFO: [ app_init ] --END-- [ RunTime:0.001000s ]

[ 2019-06-18T15:11:41+08:00 ] 127.0.0.1 /index.php?m=admin&c=user&a=editmi
INFO: [ app_init ] --START--
INFO: Run Behavior\BuildLiteBehavior [ RunTime:0.000000s ]
INFO: [ app_init ] --END-- [ RunTime:0.001000s ]

[ 2019-06-18T15:11:42+08:00 ] 127.0.0.1 /index.php?m=Admin&c=User&a=updatemi&uid=2
INFO: [ app_init ] --START--
INFO: Run Behavior\BuildLiteBehavior [ RunTime:0.000000s ]
INFO: [ app_init ] --END-- [ RunTime:0.000000s ]

[ 2019-06-18T15:11:50+08:00 ] 127.0.0.1 /index.php?m=Admin&c=User&a=updatemi&uid=2
INFO: [ app_init ] --START--
INFO: Run Behavior\BuildLiteBehavior [ RunTime:0.000000s ]
INFO: [ app_init ] --END-- [ RunTime:0.000000s ]

[ 2019-06-18T15:11:51+08:00 ] 127.0.0.1 /index.php?m=admin&c=index&a=index
INFO: [ app_init ] --START--
INFO: Run Behavior\BuildLiteBehavior [ RunTime:0.000000s ]
INFO: [ app_init ] --END-- [ RunTime:0.000000s ]

[ 2019-06-18T15:16:10+08:00 ] 127.0.0.1 /index.php?m=admin&c=user&a=editmi
INFO: [ app_init ] --START--
INFO: Run Behavior\BuildLiteBehavior [ RunTime:0.000000s ]
INFO: [ app_init ] --END-- [ RunTime:0.000000s ]

[ 2019-06-18T15:16:25+08:00 ] 127.0.0.1 /index.php?m=Admin&c=User&a=updatemi&uid=2
INFO: [ app_init ] --START--
INFO: Run Behavior\BuildLiteBehavior [ RunTime:0.000000s ]
INFO: [ app_init ] --END-- [ RunTime:0.000000s ]

[ 2019-06-18T15:16:26+08:00 ] 127.0.0.1 /index.php?m=admin&c=login&a=login
INFO: [ app_init ] --START--
INFO: Run Behavior\BuildLiteBehavior [ RunTime:0.000000s ]
INFO: [ app_init ] --END-- [ RunTime:0.003000s ]

[ 2019-06-18T15:16:26+08:00 ] 127.0.0.1 /index.php?m=admin&c=login&a=code
INFO: [ app_init ] --START--
INFO: Run Behavior\BuildLiteBehavior [ RunTime:0.000000s ]
INFO: [ app_init ] --END-- [ RunTime:0.000000s ]

[ 2019-06-18T15:16:32+08:00 ] 127.0.0.1 /index.php?m=admin&c=login&a=dologin
INFO: [ app_init ] --START--
INFO: Run Behavior\BuildLiteBehavior [ RunTime:0.000000s ]
INFO: [ app_init ] --END-- [ RunTime:0.000000s ]

[ 2019-06-18T15:16:33+08:00 ] 127.0.0.1 /index.php?m=admin&c=index&a=index
INFO: [ app_init ] --START--
INFO: Run Behavior\BuildLiteBehavior [ RunTime:0.000000s ]
INFO: [ app_init ] --END-- [ RunTime:0.000000s ]

[ 2019-06-18T16:30:08+08:00 ] 127.0.0.1 /index.php?m=admin&c=login&a=login
INFO: [ app_init ] --START--
INFO: Run Behavior\BuildLiteBehavior [ RunTime:0.001000s ]
INFO: [ app_init ] --END-- [ RunTime:0.001000s ]

[ 2019-06-18T16:30:08+08:00 ] 127.0.0.1 /index.php?m=admin&c=login&a=code
INFO: [ app_init ] --START--
INFO: Run Behavior\BuildLiteBehavior [ RunTime:0.000000s ]
INFO: [ app_init ] --END-- [ RunTime:0.001000s ]

[ 2019-06-18T16:30:12+08:00 ] 127.0.0.1 /index.php?m=admin&c=login&a=code&q=0.3630320479917102
INFO: [ app_init ] --START--
INFO: Run Behavior\BuildLiteBehavior [ RunTime:0.000000s ]
INFO: [ app_init ] --END-- [ RunTime:0.001000s ]

[ 2019-06-18T16:30:15+08:00 ] 127.0.0.1 /index.php?m=admin&c=login&a=dologin
INFO: [ app_init ] --START--
INFO: Run Behavior\BuildLiteBehavior [ RunTime:0.000000s ]
INFO: [ app_init ] --END-- [ RunTime:0.000000s ]

[ 2019-06-18T16:30:16+08:00 ] 127.0.0.1 /index.php?m=admin&c=index&a=index
INFO: [ app_init ] --START--
INFO: Run Behavior\BuildLiteBehavior [ RunTime:0.000000s ]
INFO: [ app_init ] --END-- [ RunTime:0.001001s ]

[ 2019-06-18T16:30:19+08:00 ] 127.0.0.1 /index.php?m=admin&c=user&a=create
INFO: [ app_init ] --START--
INFO: Run Behavior\BuildLiteBehavior [ RunTime:0.000000s ]
INFO: [ app_init ] --END-- [ RunTime:0.001000s ]

[ 2019-06-18T16:31:43+08:00 ] 127.0.0.1 /index.php?m=admin&c=login&a=logout
INFO: [ app_init ] --START--
INFO: Run Behavior\BuildLiteBehavior [ RunTime:0.000000s ]
INFO: [ app_init ] --END-- [ RunTime:0.000000s ]

[ 2019-06-18T16:31:44+08:00 ] 127.0.0.1 /index.php?m=admin&c=user&a=create
INFO: [ app_init ] --START--
INFO: Run Behavior\BuildLiteBehavior [ RunTime:0.000000s ]
INFO: [ app_init ] --END-- [ RunTime:0.000000s ]

[ 2019-06-18T16:31:47+08:00 ] 127.0.0.1 /index.php?m=admin&c=login&a=login
INFO: [ app_init ] --START--
INFO: Run Behavior\BuildLiteBehavior [ RunTime:0.000000s ]
INFO: [ app_init ] --END-- [ RunTime:0.000000s ]

[ 2019-06-18T16:31:47+08:00 ] 127.0.0.1 /index.php?m=admin&c=login&a=code
INFO: [ app_init ] --START--
INFO: Run Behavior\BuildLiteBehavior [ RunTime:0.000000s ]
INFO: [ app_init ] --END-- [ RunTime:0.000000s ]

[ 2019-06-18T16:31:50+08:00 ] 127.0.0.1 /index.php?m=admin&c=user&a=create
INFO: [ app_init ] --START--
INFO: Run Behavior\BuildLiteBehavior [ RunTime:0.000000s ]
INFO: [ app_init ] --END-- [ RunTime:0.000000s ]

[ 2019-06-18T16:31:53+08:00 ] 127.0.0.1 /index.php?m=admin&c=login&a=login
INFO: [ app_init ] --START--
INFO: Run Behavior\BuildLiteBehavior [ RunTime:0.000000s ]
INFO: [ app_init ] --END-- [ RunTime:0.001000s ]

[ 2019-06-18T16:31:54+08:00 ] 127.0.0.1 /index.php?m=admin&c=login&a=code
INFO: [ app_init ] --START--
INFO: Run Behavior\BuildLiteBehavior [ RunTime:0.000000s ]
INFO: [ app_init ] --END-- [ RunTime:0.000000s ]

[ 2019-06-18T16:52:11+08:00 ] 127.0.0.1 /index.php?m=admin&c=login&a=dologin
INFO: [ app_init ] --START--
INFO: Run Behavior\BuildLiteBehavior [ RunTime:0.000000s ]
INFO: [ app_init ] --END-- [ RunTime:0.000000s ]

[ 2019-06-18T16:52:12+08:00 ] 127.0.0.1 /index.php?m=admin&c=index&a=index
INFO: [ app_init ] --START--
INFO: Run Behavior\BuildLiteBehavior [ RunTime:0.000000s ]
INFO: [ app_init ] --END-- [ RunTime:0.000000s ]

[ 2019-06-18T19:57:17+08:00 ] 127.0.0.1 /index.php?m=admin&c=login&a=login
INFO: [ app_init ] --START--
INFO: Run Behavior\BuildLiteBehavior [ RunTime:0.000000s ]
INFO: [ app_init ] --END-- [ RunTime:0.001000s ]

[ 2019-06-18T19:57:17+08:00 ] 127.0.0.1 /index.php?m=admin&c=login&a=code
INFO: [ app_init ] --START--
INFO: Run Behavior\BuildLiteBehavior [ RunTime:0.000000s ]
INFO: [ app_init ] --END-- [ RunTime:0.000000s ]

[ 2019-06-18T19:57:29+08:00 ] 127.0.0.1 /index.php?m=admin&c=login&a=code&q=0.35655812675118725
INFO: [ app_init ] --START--
INFO: Run Behavior\BuildLiteBehavior [ RunTime:0.000000s ]
INFO: [ app_init ] --END-- [ RunTime:0.000000s ]

[ 2019-06-18T19:57:29+08:00 ] 127.0.0.1 /index.php?m=admin&c=login&a=code&q=0.014503235155320038
INFO: [ app_init ] --START--
INFO: Run Behavior\BuildLiteBehavior [ RunTime:0.000000s ]
INFO: [ app_init ] --END-- [ RunTime:0.001000s ]

[ 2019-06-18T19:57:30+08:00 ] 127.0.0.1 /index.php?m=admin&c=login&a=code&q=0.5139368601966123
INFO: [ app_init ] --START--
INFO: Run Behavior\BuildLiteBehavior [ RunTime:0.000000s ]
INFO: [ app_init ] --END-- [ RunTime:0.000000s ]

[ 2019-06-18T19:57:31+08:00 ] 127.0.0.1 /index.php?m=admin&c=login&a=code&q=0.7278543982898504
INFO: [ app_init ] --START--
INFO: Run Behavior\BuildLiteBehavior [ RunTime:0.000000s ]
INFO: [ app_init ] --END-- [ RunTime:0.001000s ]

[ 2019-06-18T19:57:35+08:00 ] 127.0.0.1 /index.php?m=admin&c=login&a=dologin
INFO: [ app_init ] --START--
INFO: Run Behavior\BuildLiteBehavior [ RunTime:0.000000s ]
INFO: [ app_init ] --END-- [ RunTime:0.000000s ]

[ 2019-06-18T19:57:38+08:00 ] 127.0.0.1 /index.php?m=admin&c=login&a=code
INFO: [ app_init ] --START--
INFO: Run Behavior\BuildLiteBehavior [ RunTime:0.000000s ]
INFO: [ app_init ] --END-- [ RunTime:0.000000s ]

[ 2019-06-18T20:17:45+08:00 ] 127.0.0.1 /index.php?m=admin&c=login&a=login
INFO: [ app_init ] --START--
INFO: Run Behavior\BuildLiteBehavior [ RunTime:0.000000s ]
INFO: [ app_init ] --END-- [ RunTime:0.001000s ]

[ 2019-06-18T20:17:45+08:00 ] 127.0.0.1 /index.php?m=admin&c=login&a=code
INFO: [ app_init ] --START--
INFO: Run Behavior\BuildLiteBehavior [ RunTime:0.000000s ]
INFO: [ app_init ] --END-- [ RunTime:0.000000s ]

[ 2019-06-18T20:18:45+08:00 ] 127.0.0.1 /index.php?m=admin&c=login&a=login
INFO: [ app_init ] --START--
INFO: Run Behavior\BuildLiteBehavior [ RunTime:0.000000s ]
INFO: [ app_init ] --END-- [ RunTime:0.001000s ]

[ 2019-06-18T20:18:46+08:00 ] 127.0.0.1 /index.php?m=admin&c=login&a=code
INFO: [ app_init ] --START--
INFO: Run Behavior\BuildLiteBehavior [ RunTime:0.000000s ]
INFO: [ app_init ] --END-- [ RunTime:0.000000s ]

[ 2019-06-18T20:19:02+08:00 ] 127.0.0.1 /index.php?m=admin&c=login&a=dologin
INFO: [ app_init ] --START--
INFO: Run Behavior\BuildLiteBehavior [ RunTime:0.000000s ]
INFO: [ app_init ] --END-- [ RunTime:0.001000s ]

[ 2019-06-18T20:19:03+08:00 ] 127.0.0.1 /index.php?m=admin&c=index&a=index
INFO: [ app_init ] --START--
INFO: Run Behavior\BuildLiteBehavior [ RunTime:0.000000s ]
INFO: [ app_init ] --END-- [ RunTime:0.000000s ]

[ 2019-06-18T20:20:51+08:00 ] 127.0.0.1 /index.php?m=admin&c=index&a=index
INFO: [ app_init ] --START--
INFO: Run Behavior\BuildLiteBehavior [ RunTime:0.000000s ]
INFO: [ app_init ] --END-- [ RunTime:0.000000s ]

[ 2019-06-18T20:23:38+08:00 ] 127.0.0.1 /index.php?m=admin&c=index&a=index
INFO: [ app_init ] --START--
INFO: Run Behavior\BuildLiteBehavior [ RunTime:0.000000s ]
INFO: [ app_init ] --END-- [ RunTime:0.001000s ]

[ 2019-06-18T20:23:39+08:00 ] 127.0.0.1 /index.php?m=admin&c=index&a=index
INFO: [ app_init ] --START--
INFO: Run Behavior\BuildLiteBehavior [ RunTime:0.000000s ]
INFO: [ app_init ] --END-- [ RunTime:0.000000s ]

[ 2019-06-18T21:05:52+08:00 ] 127.0.0.1 /index.php?m=admin&c=index&a=index
INFO: [ app_init ] --START--
INFO: Run Behavior\BuildLiteBehavior [ RunTime:0.000000s ]
INFO: [ app_init ] --END-- [ RunTime:0.001000s ]

[ 2019-06-18T21:06:14+08:00 ] 127.0.0.1 /index.php?m=admin&c=index&a=index
INFO: [ app_init ] --START--
INFO: Run Behavior\BuildLiteBehavior [ RunTime:0.000000s ]
INFO: [ app_init ] --END-- [ RunTime:0.001000s ]

[ 2019-06-18T21:06:56+08:00 ] 127.0.0.1 /index.php?m=admin&c=index&a=index
INFO: [ app_init ] --START--
INFO: Run Behavior\BuildLiteBehavior [ RunTime:0.000000s ]
INFO: [ app_init ] --END-- [ RunTime:0.000000s ]

[ 2019-06-18T21:07:10+08:00 ] 127.0.0.1 /index.php?m=admin&c=index&a=index
INFO: [ app_init ] --START--
INFO: Run Behavior\BuildLiteBehavior [ RunTime:0.000000s ]
INFO: [ app_init ] --END-- [ RunTime:0.000000s ]

[ 2019-06-18T21:07:21+08:00 ] 127.0.0.1 /index.php?m=admin&c=cate&a=create
INFO: [ app_init ] --START--
INFO: Run Behavior\BuildLiteBehavior [ RunTime:0.000000s ]
INFO: [ app_init ] --END-- [ RunTime:0.000000s ]

[ 2019-06-18T21:07:23+08:00 ] 127.0.0.1 /index.php?m=admin&c=cate&a=create
INFO: [ app_init ] --START--
INFO: Run Behavior\BuildLiteBehavior [ RunTime:0.000000s ]
INFO: [ app_init ] --END-- [ RunTime:0.001000s ]

[ 2019-06-18T21:07:56+08:00 ] 127.0.0.1 /index.php?m=admin&c=cate&a=create
INFO: [ app_init ] --START--
INFO: Run Behavior\BuildLiteBehavior [ RunTime:0.000000s ]
INFO: [ app_init ] --END-- [ RunTime:0.000000s ]

[ 2019-06-18T21:07:58+08:00 ] 127.0.0.1 /index.php?m=admin&c=cate&a=create
INFO: [ app_init ] --START--
INFO: Run Behavior\BuildLiteBehavior [ RunTime:0.000000s ]
INFO: [ app_init ] --END-- [ RunTime:0.000000s ]

[ 2019-06-18T21:07:58+08:00 ] 127.0.0.1 /index.php?m=admin&c=cate&a=create
INFO: [ app_init ] --START--
INFO: Run Behavior\BuildLiteBehavior [ RunTime:0.000000s ]
INFO: [ app_init ] --END-- [ RunTime:0.000000s ]

[ 2019-06-18T21:07:58+08:00 ] 127.0.0.1 /index.php?m=admin&c=cate&a=create
INFO: [ app_init ] --START--
INFO: Run Behavior\BuildLiteBehavior [ RunTime:0.000000s ]
INFO: [ app_init ] --END-- [ RunTime:0.000000s ]

[ 2019-06-18T21:07:59+08:00 ] 127.0.0.1 /index.php?m=admin&c=post&a=edit
INFO: [ app_init ] --START--
INFO: Run Behavior\BuildLiteBehavior [ RunTime:0.001000s ]
INFO: [ app_init ] --END-- [ RunTime:0.001000s ]

[ 2019-06-18T21:08:24+08:00 ] 127.0.0.1 /index.php?m=admin&c=cate&a=create
INFO: [ app_init ] --START--
INFO: Run Behavior\BuildLiteBehavior [ RunTime:0.000000s ]
INFO: [ app_init ] --END-- [ RunTime:0.001000s ]

[ 2019-06-18T21:08:25+08:00 ] 127.0.0.1 /index.php?m=admin&c=cate&a=index
INFO: [ app_init ] --START--
INFO: Run Behavior\BuildLiteBehavior [ RunTime:0.000000s ]
INFO: [ app_init ] --END-- [ RunTime:0.001000s ]

[ 2019-06-18T21:08:28+08:00 ] 127.0.0.1 /index.php?m=admin&c=part&a=index
INFO: [ app_init ] --START--
INFO: Run Behavior\BuildLiteBehavior [ RunTime:0.000000s ]
INFO: [ app_init ] --END-- [ RunTime:0.000000s ]

[ 2019-06-18T21:08:50+08:00 ] 127.0.0.1 /index.php?m=admin&c=cate&a=index
INFO: [ app_init ] --START--
INFO: Run Behavior\BuildLiteBehavior [ RunTime:0.000000s ]
INFO: [ app_init ] --END-- [ RunTime:0.000000s ]

[ 2019-06-18T21:09:22+08:00 ] 127.0.0.1 /index.php?m=admin&c=cate&a=index
INFO: [ app_init ] --START--
INFO: Run Behavior\BuildLiteBehavior [ RunTime:0.000000s ]
INFO: [ app_init ] --END-- [ RunTime:0.000000s ]

[ 2019-06-18T21:09:23+08:00 ] 127.0.0.1 /index.php?m=admin&c=post&a=edit
INFO: [ app_init ] --START--
INFO: Run Behavior\BuildLiteBehavior [ RunTime:0.000000s ]
INFO: [ app_init ] --END-- [ RunTime:0.001000s ]

[ 2019-06-18T21:10:13+08:00 ] 127.0.0.1 /index.php?m=admin&c=part&a=create
INFO: [ app_init ] --START--
INFO: Run Behavior\BuildLiteBehavior [ RunTime:0.000000s ]
INFO: [ app_init ] --END-- [ RunTime:0.001000s ]

[ 2019-06-18T21:10:14+08:00 ] 127.0.0.1 /index.php?m=admin&c=part&a=index
INFO: [ app_init ] --START--
INFO: Run Behavior\BuildLiteBehavior [ RunTime:0.000000s ]
INFO: [ app_init ] --END-- [ RunTime:0.001000s ]

[ 2019-06-18T21:10:16+08:00 ] 127.0.0.1 /index.php?m=admin&c=cate&a=index
INFO: [ app_init ] --START--
INFO: Run Behavior\BuildLiteBehavior [ RunTime:0.000000s ]
INFO: [ app_init ] --END-- [ RunTime:0.001000s ]

[ 2019-06-18T21:10:17+08:00 ] 127.0.0.1 /index.php?m=admin&c=cate&a=create
INFO: [ app_init ] --START--
INFO: Run Behavior\BuildLiteBehavior [ RunTime:0.000000s ]
INFO: [ app_init ] --END-- [ RunTime:0.000000s ]

[ 2019-06-18T21:10:18+08:00 ] 127.0.0.1 /index.php?m=admin&c=part&a=create
INFO: [ app_init ] --START--
INFO: Run Behavior\BuildLiteBehavior [ RunTime:0.000000s ]
INFO: [ app_init ] --END-- [ RunTime:0.001000s ]

[ 2019-06-18T21:10:20+08:00 ] 127.0.0.1 /index.php?m=admin&c=part&a=index
INFO: [ app_init ] --START--
INFO: Run Behavior\BuildLiteBehavior [ RunTime:0.000000s ]
INFO: [ app_init ] --END-- [ RunTime:0.002000s ]

[ 2019-06-18T21:10:21+08:00 ] 127.0.0.1 /index.php?m=admin&c=user&a=index
INFO: [ app_init ] --START--
INFO: Run Behavior\BuildLiteBehavior [ RunTime:0.000000s ]
INFO: [ app_init ] --END-- [ RunTime:0.000000s ]

[ 2019-06-18T21:10:22+08:00 ] 127.0.0.1 /index.php?m=admin&c=user&a=create
INFO: [ app_init ] --START--
INFO: Run Behavior\BuildLiteBehavior [ RunTime:0.000000s ]
INFO: [ app_init ] --END-- [ RunTime:0.000000s ]

[ 2019-06-18T21:10:22+08:00 ] 127.0.0.1 /index.php?m=admin&c=user&a=index
INFO: [ app_init ] --START--
INFO: Run Behavior\BuildLiteBehavior [ RunTime:0.000000s ]
INFO: [ app_init ] --END-- [ RunTime:0.001000s ]

[ 2019-06-18T21:10:23+08:00 ] 127.0.0.1 /index.php/Admin/User/index/p/5.html
INFO: [ app_init ] --START--
INFO: Run Behavior\BuildLiteBehavior [ RunTime:0.000000s ]
INFO: [ app_init ] --END-- [ RunTime:0.001000s ]

[ 2019-06-18T21:10:26+08:00 ] 127.0.0.1 /index.php/Admin/User/index/p/4.html
INFO: [ app_init ] --START--
INFO: Run Behavior\BuildLiteBehavior [ RunTime:0.001000s ]
INFO: [ app_init ] --END-- [ RunTime:0.001000s ]

[ 2019-06-18T21:10:55+08:00 ] 127.0.0.1 /index.php?m=admin&c=user&a=del&uid=12
INFO: [ app_init ] --START--
INFO: Run Behavior\BuildLiteBehavior [ RunTime:0.000000s ]
INFO: [ app_init ] --END-- [ RunTime:0.001000s ]

[ 2019-06-18T21:10:57+08:00 ] 127.0.0.1 /index.php/Admin/User/index/p/4.html
INFO: [ app_init ] --START--
INFO: Run Behavior\BuildLiteBehavior [ RunTime:0.001000s ]
INFO: [ app_init ] --END-- [ RunTime:0.003000s ]

[ 2019-06-18T21:11:04+08:00 ] 127.0.0.1 /index.php/Admin/User/index/p/5.html
INFO: [ app_init ] --START--
INFO: Run Behavior\BuildLiteBehavior [ RunTime:0.000000s ]
INFO: [ app_init ] --END-- [ RunTime:0.001000s ]

[ 2019-06-18T21:11:08+08:00 ] 127.0.0.1 /index.php/Admin/User/index/p/3.html
INFO: [ app_init ] --START--
INFO: Run Behavior\BuildLiteBehavior [ RunTime:0.000000s ]
INFO: [ app_init ] --END-- [ RunTime:0.000000s ]

[ 2019-06-18T21:11:12+08:00 ] 127.0.0.1 /index.php/Admin/User/index/p/4.html
INFO: [ app_init ] --START--
INFO: Run Behavior\BuildLiteBehavior [ RunTime:0.000000s ]
INFO: [ app_init ] --END-- [ RunTime:0.001000s ]

[ 2019-06-18T21:11:13+08:00 ] 127.0.0.1 /index.php/Admin/User/index/p/5.html
INFO: [ app_init ] --START--
INFO: Run Behavior\BuildLiteBehavior [ RunTime:0.000000s ]
INFO: [ app_init ] --END-- [ RunTime:0.000000s ]

[ 2019-06-18T21:11:16+08:00 ] 127.0.0.1 /index.php?m=admin&c=user&a=create
INFO: [ app_init ] --START--
INFO: Run Behavior\BuildLiteBehavior [ RunTime:0.000000s ]
INFO: [ app_init ] --END-- [ RunTime:0.000000s ]

[ 2019-06-18T21:11:52+08:00 ] 127.0.0.1 /index.php?m=Admin&c=User&a=save
INFO: [ app_init ] --START--
INFO: Run Behavior\BuildLiteBehavior [ RunTime:0.000000s ]
INFO: [ app_init ] --END-- [ RunTime:0.001000s ]

[ 2019-06-18T21:12:17+08:00 ] 127.0.0.1 /index.php?m=Admin&c=User&a=save
INFO: [ app_init ] --START--
INFO: Run Behavior\BuildLiteBehavior [ RunTime:0.001000s ]
INFO: [ app_init ] --END-- [ RunTime:0.001000s ]
ERR: 1062:Duplicate entry '23' for key 'uname'
 [ SQL语句 ] : INSERT INTO `bbs_user` (`auth`,`uname`,`upwd`,`sex`,`age`,`tel`,`create_at`,`update_at`,`uface`) VALUES ('1','23','$2y$10$V71eEtUnUaFd0eVjmMV/Ve87uo1uXTIzSbXtRpX5X6Z8Xhr.PgWRW','w','32','','1560863512','1560863512','20190618/5d08e31922ef2.gif')

[ 2019-06-18T21:12:38+08:00 ] 127.0.0.1 /index.php?m=Admin&c=User&a=save
INFO: [ app_init ] --START--
INFO: Run Behavior\BuildLiteBehavior [ RunTime:0.000000s ]
INFO: [ app_init ] --END-- [ RunTime:0.001000s ]
ERR: 1062:Duplicate entry '23' for key 'uname'
 [ SQL语句 ] : INSERT INTO `bbs_user` (`auth`,`uname`,`upwd`,`sex`,`age`,`tel`,`create_at`,`update_at`,`uface`) VALUES ('1','23','$2y$10$TSbY8QX.GWKyklGMBIxpXe9CGSQ1TTU1NbuMTu/mdswwmzcssnvw.','w','32','','1560863537','1560863537','20190618/5d08e33227ad9.gif')

[ 2019-06-18T21:12:38+08:00 ] 127.0.0.1 /index.php?m=admin&c=user&a=create
INFO: [ app_init ] --START--
INFO: Run Behavior\BuildLiteBehavior [ RunTime:0.001001s ]
INFO: [ app_init ] --END-- [ RunTime:0.001001s ]

[ 2019-06-18T21:12:38+08:00 ] 127.0.0.1 /index.php/Admin/User/index/p/5.html
INFO: [ app_init ] --START--
INFO: Run Behavior\BuildLiteBehavior [ RunTime:0.000000s ]
INFO: [ app_init ] --END-- [ RunTime:0.001000s ]

[ 2019-06-18T21:12:44+08:00 ] 127.0.0.1 /index.php/Admin/User/index/p/5.html
INFO: [ app_init ] --START--
INFO: Run Behavior\BuildLiteBehavior [ RunTime:0.000000s ]
INFO: [ app_init ] --END-- [ RunTime:0.001000s ]

[ 2019-06-18T21:12:48+08:00 ] 127.0.0.1 /index.php/Admin/User/index/p/4.html
INFO: [ app_init ] --START--
INFO: Run Behavior\BuildLiteBehavior [ RunTime:0.000000s ]
INFO: [ app_init ] --END-- [ RunTime:0.001000s ]

[ 2019-06-18T21:12:57+08:00 ] 127.0.0.1 /index.php?m=admin&c=user&a=create
INFO: [ app_init ] --START--
INFO: Run Behavior\BuildLiteBehavior [ RunTime:0.000000s ]
INFO: [ app_init ] --END-- [ RunTime:0.002001s ]

[ 2019-06-18T21:13:25+08:00 ] 127.0.0.1 /index.php/Admin/User/index/p/3.html
INFO: [ app_init ] --START--
INFO: Run Behavior\BuildLiteBehavior [ RunTime:0.000000s ]
INFO: [ app_init ] --END-- [ RunTime:0.000000s ]

[ 2019-06-18T21:13:25+08:00 ] 127.0.0.1 /index.php?m=Admin&c=User&a=save
INFO: [ app_init ] --START--
INFO: Run Behavior\BuildLiteBehavior [ RunTime:0.001000s ]
INFO: [ app_init ] --END-- [ RunTime:0.001000s ]

[ 2019-06-18T21:13:25+08:00 ] 127.0.0.1 /index.php/Admin/User/index/p/5.html
INFO: [ app_init ] --START--
INFO: Run Behavior\BuildLiteBehavior [ RunTime:0.000000s ]
INFO: [ app_init ] --END-- [ RunTime:0.000000s ]

[ 2019-06-18T21:13:25+08:00 ] 127.0.0.1 /index.php/Admin/User/index/p/5.html
INFO: [ app_init ] --START--
INFO: Run Behavior\BuildLiteBehavior [ RunTime:0.000000s ]
INFO: [ app_init ] --END-- [ RunTime:0.001000s ]

[ 2019-06-18T21:13:25+08:00 ] 127.0.0.1 /index.php/Admin/User/index/p/5.html
INFO: [ app_init ] --START--
INFO: Run Behavior\BuildLiteBehavior [ RunTime:0.000000s ]
INFO: [ app_init ] --END-- [ RunTime:0.001000s ]

[ 2019-06-18T21:13:27+08:00 ] 127.0.0.1 /index.php?m=admin&c=login&a=login
INFO: [ app_init ] --START--
INFO: Run Behavior\BuildLiteBehavior [ RunTime:0.000000s ]
INFO: [ app_init ] --END-- [ RunTime:0.000000s ]

[ 2019-06-18T21:13:27+08:00 ] 127.0.0.1 /index.php?m=admin&c=login&a=code
INFO: [ app_init ] --START--
INFO: Run Behavior\BuildLiteBehavior [ RunTime:0.000000s ]
INFO: [ app_init ] --END-- [ RunTime:0.000000s ]

[ 2019-06-18T21:13:31+08:00 ] 127.0.0.1 /index.php?m=admin&c=login&a=code&q=0.9903365416564875
INFO: [ app_init ] --START--
INFO: Run Behavior\BuildLiteBehavior [ RunTime:0.000000s ]
INFO: [ app_init ] --END-- [ RunTime:0.000000s ]

[ 2019-06-18T21:13:35+08:00 ] 127.0.0.1 /index.php?m=admin&c=login&a=dologin
INFO: [ app_init ] --START--
INFO: Run Behavior\BuildLiteBehavior [ RunTime:0.000000s ]
INFO: [ app_init ] --END-- [ RunTime:0.000000s ]

[ 2019-06-18T21:13:36+08:00 ] 127.0.0.1 /index.php?m=admin&c=index&a=index
INFO: [ app_init ] --START--
INFO: Run Behavior\BuildLiteBehavior [ RunTime:0.000000s ]
INFO: [ app_init ] --END-- [ RunTime:0.000000s ]

[ 2019-06-18T21:13:41+08:00 ] 127.0.0.1 /index.php?m=admin&c=part&a=index
INFO: [ app_init ] --START--
INFO: Run Behavior\BuildLiteBehavior [ RunTime:0.000000s ]
INFO: [ app_init ] --END-- [ RunTime:0.000000s ]

[ 2019-06-18T21:13:43+08:00 ] 127.0.0.1 /index.php?m=admin&c=user&a=index
INFO: [ app_init ] --START--
INFO: Run Behavior\BuildLiteBehavior [ RunTime:0.000000s ]
INFO: [ app_init ] --END-- [ RunTime:0.000000s ]

[ 2019-06-18T21:13:44+08:00 ] 127.0.0.1 /index.php/Admin/User/index/p/6.html
INFO: [ app_init ] --START--
INFO: Run Behavior\BuildLiteBehavior [ RunTime:0.000000s ]
INFO: [ app_init ] --END-- [ RunTime:0.001000s ]

[ 2019-06-18T21:13:47+08:00 ] 127.0.0.1 /index.php?m=admin&c=user&a=del&uid=17
INFO: [ app_init ] --START--
INFO: Run Behavior\BuildLiteBehavior [ RunTime:0.000000s ]
INFO: [ app_init ] --END-- [ RunTime:0.000000s ]

[ 2019-06-18T21:13:48+08:00 ] 127.0.0.1 /index.php/Admin/User/index/p/6.html
INFO: [ app_init ] --START--
INFO: Run Behavior\BuildLiteBehavior [ RunTime:0.000000s ]
INFO: [ app_init ] --END-- [ RunTime:0.000000s ]

[ 2019-06-18T21:13:50+08:00 ] 127.0.0.1 /index.php/Admin/User/index/p/4.html
INFO: [ app_init ] --START--
INFO: Run Behavior\BuildLiteBehavior [ RunTime:0.001000s ]
INFO: [ app_init ] --END-- [ RunTime:0.001000s ]

[ 2019-06-18T21:13:52+08:00 ] 127.0.0.1 /index.php/Admin/User/index/p/5.html
INFO: [ app_init ] --START--
INFO: Run Behavior\BuildLiteBehavior [ RunTime:0.000000s ]
INFO: [ app_init ] --END-- [ RunTime:0.001000s ]

[ 2019-06-18T21:13:53+08:00 ] 127.0.0.1 /index.php/Admin/User/index/p/4.html
INFO: [ app_init ] --START--
INFO: Run Behavior\BuildLiteBehavior [ RunTime:0.000000s ]
INFO: [ app_init ] --END-- [ RunTime:0.000000s ]

[ 2019-06-18T21:13:54+08:00 ] 127.0.0.1 /index.php/Admin/User/index/p/5.html
INFO: [ app_init ] --START--
INFO: Run Behavior\BuildLiteBehavior [ RunTime:0.000000s ]
INFO: [ app_init ] --END-- [ RunTime:0.000000s ]

[ 2019-06-18T21:13:55+08:00 ] 127.0.0.1 /index.php/Admin/User/index/p/4.html
INFO: [ app_init ] --START--
INFO: Run Behavior\BuildLiteBehavior [ RunTime:0.000000s ]
INFO: [ app_init ] --END-- [ RunTime:0.001000s ]

[ 2019-06-18T21:13:57+08:00 ] 127.0.0.1 /index.php/Admin/User/index/p/5.html
INFO: [ app_init ] --START--
INFO: Run Behavior\BuildLiteBehavior [ RunTime:0.000000s ]
INFO: [ app_init ] --END-- [ RunTime:0.000000s ]

[ 2019-06-18T21:13:59+08:00 ] 127.0.0.1 /index.php/Admin/User/index/p/4.html
INFO: [ app_init ] --START--
INFO: Run Behavior\BuildLiteBehavior [ RunTime:0.000000s ]
INFO: [ app_init ] --END-- [ RunTime:0.000000s ]

[ 2019-06-18T21:13:59+08:00 ] 127.0.0.1 /index.php/Admin/User/index/p/3.html
INFO: [ app_init ] --START--
INFO: Run Behavior\BuildLiteBehavior [ RunTime:0.000000s ]
INFO: [ app_init ] --END-- [ RunTime:0.000000s ]

[ 2019-06-18T21:14:00+08:00 ] 127.0.0.1 /index.php/Admin/User/index/p/4.html
INFO: [ app_init ] --START--
INFO: Run Behavior\BuildLiteBehavior [ RunTime:0.000000s ]
INFO: [ app_init ] --END-- [ RunTime:0.000000s ]

[ 2019-06-18T21:14:01+08:00 ] 127.0.0.1 /index.php/Admin/User/index/p/5.html
INFO: [ app_init ] --START--
INFO: Run Behavior\BuildLiteBehavior [ RunTime:0.000000s ]
INFO: [ app_init ] --END-- [ RunTime:0.000000s ]

[ 2019-06-18T21:14:09+08:00 ] 127.0.0.1 /index.php/Admin/User/index/p/2.html
INFO: [ app_init ] --START--
INFO: Run Behavior\BuildLiteBehavior [ RunTime:0.000000s ]
INFO: [ app_init ] --END-- [ RunTime:0.000000s ]

[ 2019-06-18T21:14:10+08:00 ] 127.0.0.1 /index.php/Admin/User/index/p/1.html
INFO: [ app_init ] --START--
INFO: Run Behavior\BuildLiteBehavior [ RunTime:0.000000s ]
INFO: [ app_init ] --END-- [ RunTime:0.000000s ]

[ 2019-06-18T21:14:13+08:00 ] 127.0.0.1 /index.php?m=admin&c=user&a=edit&uid=2
INFO: [ app_init ] --START--
INFO: Run Behavior\BuildLiteBehavior [ RunTime:0.000000s ]
INFO: [ app_init ] --END-- [ RunTime:0.000000s ]

[ 2019-06-18T21:14:25+08:00 ] 127.0.0.1 /index.php?m=Admin&c=User&a=update&uid=2
INFO: [ app_init ] --START--
INFO: Run Behavior\BuildLiteBehavior [ RunTime:0.000000s ]
INFO: [ app_init ] --END-- [ RunTime:0.000000s ]

[ 2019-06-18T21:14:26+08:00 ] 127.0.0.1 /index.php?m=admin&c=user&a=index
INFO: [ app_init ] --START--
INFO: Run Behavior\BuildLiteBehavior [ RunTime:0.000000s ]
INFO: [ app_init ] --END-- [ RunTime:0.000000s ]

[ 2019-06-18T21:14:32+08:00 ] 127.0.0.1 /index.php?m=admin&c=post&a=edit
INFO: [ app_init ] --START--
INFO: Run Behavior\BuildLiteBehavior [ RunTime:0.000000s ]
INFO: [ app_init ] --END-- [ RunTime:0.001000s ]

[ 2019-06-18T21:14:51+08:00 ] 127.0.0.1 /index.php?m=admin&c=post&a=edit
INFO: [ app_init ] --START--
INFO: Run Behavior\BuildLiteBehavior [ RunTime:0.000000s ]
INFO: [ app_init ] --END-- [ RunTime:0.000000s ]

[ 2019-06-18T21:17:22+08:00 ] 127.0.0.1 /index.php?m=admin&c=post&a=edit
INFO: [ app_init ] --START--
INFO: Run Behavior\BuildLiteBehavior [ RunTime:0.000000s ]
INFO: [ app_init ] --END-- [ RunTime:0.001000s ]

[ 2019-06-18T21:17:52+08:00 ] 127.0.0.1 /index.php?m=admin&c=part&a=index
INFO: [ app_init ] --START--
INFO: Run Behavior\BuildLiteBehavior [ RunTime:0.000000s ]
INFO: [ app_init ] --END-- [ RunTime:0.000000s ]

[ 2019-06-18T21:17:55+08:00 ] 127.0.0.1 /index.php?m=admin&c=post&a=edit
INFO: [ app_init ] --START--
INFO: Run Behavior\BuildLiteBehavior [ RunTime:0.000000s ]
INFO: [ app_init ] --END-- [ RunTime:0.001000s ]

[ 2019-06-18T21:17:57+08:00 ] 127.0.0.1 /index.php?m=admin&c=part&a=index
INFO: [ app_init ] --START--
INFO: Run Behavior\BuildLiteBehavior [ RunTime:0.000000s ]
INFO: [ app_init ] --END-- [ RunTime:0.000000s ]

[ 2019-06-18T21:17:58+08:00 ] 127.0.0.1 /index.php?m=admin&c=post&a=edit
INFO: [ app_init ] --START--
INFO: Run Behavior\BuildLiteBehavior [ RunTime:0.000000s ]
INFO: [ app_init ] --END-- [ RunTime:0.000000s ]

[ 2019-06-18T21:18:33+08:00 ] 127.0.0.1 /index.php?m=admin&c=post&a=edit
INFO: [ app_init ] --START--
INFO: Run Behavior\BuildLiteBehavior [ RunTime:0.000000s ]
INFO: [ app_init ] --END-- [ RunTime:0.000000s ]

[ 2019-06-18T21:18:45+08:00 ] 127.0.0.1 /index.php?m=admin&c=post&a=edit
INFO: [ app_init ] --START--
INFO: Run Behavior\BuildLiteBehavior [ RunTime:0.000000s ]
INFO: [ app_init ] --END-- [ RunTime:0.000000s ]

[ 2019-06-18T21:24:00+08:00 ] 127.0.0.1 /index.php?m=admin&c=post&a=edit
INFO: [ app_init ] --START--
INFO: Run Behavior\BuildLiteBehavior [ RunTime:0.000000s ]
INFO: [ app_init ] --END-- [ RunTime:0.000000s ]

[ 2019-06-18T21:24:19+08:00 ] 127.0.0.1 /index.php?m=admin&c=post&a=edit
INFO: [ app_init ] --START--
INFO: Run Behavior\BuildLiteBehavior [ RunTime:0.000000s ]
INFO: [ app_init ] --END-- [ RunTime:0.000000s ]

[ 2019-06-18T21:24:31+08:00 ] 127.0.0.1 /index.php?m=admin&c=post&a=edit
INFO: [ app_init ] --START--
INFO: Run Behavior\BuildLiteBehavior [ RunTime:0.000000s ]
INFO: [ app_init ] --END-- [ RunTime:0.000000s ]

[ 2019-06-18T21:24:46+08:00 ] 127.0.0.1 /index.php?m=admin&c=post&a=edit
INFO: [ app_init ] --START--
INFO: Run Behavior\BuildLiteBehavior [ RunTime:0.000000s ]
INFO: [ app_init ] --END-- [ RunTime:0.001000s ]

[ 2019-06-18T21:25:09+08:00 ] 127.0.0.1 /index.php?m=admin&c=post&a=edit
INFO: [ app_init ] --START--
INFO: Run Behavior\BuildLiteBehavior [ RunTime:0.000000s ]
INFO: [ app_init ] --END-- [ RunTime:0.001001s ]

[ 2019-06-18T21:25:12+08:00 ] 127.0.0.1 /index.php?m=admin&c=post&a=edit
INFO: [ app_init ] --START--
INFO: Run Behavior\BuildLiteBehavior [ RunTime:0.000000s ]
INFO: [ app_init ] --END-- [ RunTime:0.000000s ]

[ 2019-06-18T21:25:26+08:00 ] 127.0.0.1 /index.php?m=admin&c=login&a=logout
INFO: [ app_init ] --START--
INFO: Run Behavior\BuildLiteBehavior [ RunTime:0.000000s ]
INFO: [ app_init ] --END-- [ RunTime:0.001000s ]

[ 2019-06-18T21:25:27+08:00 ] 127.0.0.1 /index.php?m=admin&c=post&a=edit
INFO: [ app_init ] --START--
INFO: Run Behavior\BuildLiteBehavior [ RunTime:0.000000s ]
INFO: [ app_init ] --END-- [ RunTime:0.001001s ]

[ 2019-06-18T21:25:30+08:00 ] 127.0.0.1 /index.php?m=admin&c=login&a=login
INFO: [ app_init ] --START--
INFO: Run Behavior\BuildLiteBehavior [ RunTime:0.000000s ]
INFO: [ app_init ] --END-- [ RunTime:0.000000s ]

[ 2019-06-18T21:25:30+08:00 ] 127.0.0.1 /index.php?m=admin&c=login&a=code
INFO: [ app_init ] --START--
INFO: Run Behavior\BuildLiteBehavior [ RunTime:0.000000s ]
INFO: [ app_init ] --END-- [ RunTime:0.000000s ]

[ 2019-06-18T21:26:36+08:00 ] 127.0.0.1 /index.php?m=admin&c=login&a=code
INFO: [ app_init ] --START--
INFO: Run Behavior\BuildLiteBehavior [ RunTime:0.000000s ]
INFO: [ app_init ] --END-- [ RunTime:0.000000s ]

[ 2019-06-18T21:26:39+08:00 ] 127.0.0.1 /index.php?m=admin&c=login&a=login
INFO: [ app_init ] --START--
INFO: Run Behavior\BuildLiteBehavior [ RunTime:0.000000s ]
INFO: [ app_init ] --END-- [ RunTime:0.001000s ]

[ 2019-06-18T21:26:39+08:00 ] 127.0.0.1 /index.php?m=admin&c=login&a=code
INFO: [ app_init ] --START--
INFO: Run Behavior\BuildLiteBehavior [ RunTime:0.000000s ]
INFO: [ app_init ] --END-- [ RunTime:0.000000s ]

[ 2019-06-18T21:26:45+08:00 ] 127.0.0.1 /index.php?m=admin&c=login&a=dologin
INFO: [ app_init ] --START--
INFO: Run Behavior\BuildLiteBehavior [ RunTime:0.001000s ]
INFO: [ app_init ] --END-- [ RunTime:0.001000s ]

[ 2019-06-18T21:26:46+08:00 ] 127.0.0.1 /index.php?m=admin&c=index&a=index
INFO: [ app_init ] --START--
INFO: Run Behavior\BuildLiteBehavior [ RunTime:0.001000s ]
INFO: [ app_init ] --END-- [ RunTime:0.001000s ]

[ 2019-06-18T21:26:57+08:00 ] 127.0.0.1 /index.php?m=admin&c=post&a=edit
INFO: [ app_init ] --START--
INFO: Run Behavior\BuildLiteBehavior [ RunTime:0.000000s ]
INFO: [ app_init ] --END-- [ RunTime:0.001000s ]

[ 2019-06-18T21:28:30+08:00 ] 127.0.0.1 /index.php?m=admin&c=post&a=edit
INFO: [ app_init ] --START--
INFO: Run Behavior\BuildLiteBehavior [ RunTime:0.000000s ]
INFO: [ app_init ] --END-- [ RunTime:0.000000s ]
ERR: syntax error, unexpected '$this' (T_VARIABLE)

[ 2019-06-18T21:31:30+08:00 ] 127.0.0.1 /index.php?m=admin&c=post&a=edit
INFO: [ app_init ] --START--
INFO: Run Behavior\BuildLiteBehavior [ RunTime:0.000000s ]
INFO: [ app_init ] --END-- [ RunTime:0.001000s ]
ERR: syntax error, unexpected '$this' (T_VARIABLE)

[ 2019-06-18T21:31:34+08:00 ] 127.0.0.1 /index.php?m=admin&c=index&a=index
INFO: [ app_init ] --START--
INFO: Run Behavior\BuildLiteBehavior [ RunTime:0.000000s ]
INFO: [ app_init ] --END-- [ RunTime:0.000000s ]

[ 2019-06-18T21:31:36+08:00 ] 127.0.0.1 /index.php?m=admin&c=index&a=index
INFO: [ app_init ] --START--
INFO: Run Behavior\BuildLiteBehavior [ RunTime:0.000000s ]
INFO: [ app_init ] --END-- [ RunTime:0.000000s ]

[ 2019-06-18T21:31:38+08:00 ] 127.0.0.1 /index.php?m=admin&c=post&a=edit
INFO: [ app_init ] --START--
INFO: Run Behavior\BuildLiteBehavior [ RunTime:0.000000s ]
INFO: [ app_init ] --END-- [ RunTime:0.001000s ]
ERR: syntax error, unexpected '$this' (T_VARIABLE)

[ 2019-06-18T21:37:43+08:00 ] 127.0.0.1 /index.php?m=admin&c=post&a=edit
INFO: [ app_init ] --START--
INFO: Run Behavior\BuildLiteBehavior [ RunTime:0.000000s ]
INFO: [ app_init ] --END-- [ RunTime:0.001001s ]
ERR: 非法操作:edit

[ 2019-06-18T21:38:46+08:00 ] 127.0.0.1 /index.php?m=admin&c=post&a=edit
INFO: [ app_init ] --START--
INFO: Run Behavior\BuildLiteBehavior [ RunTime:0.000000s ]
INFO: [ app_init ] --END-- [ RunTime:0.000000s ]
ERR: 非法操作:edit

[ 2019-06-18T21:38:48+08:00 ] 127.0.0.1 /index.php?m=admin&c=index&a=index
INFO: [ app_init ] --START--
INFO: Run Behavior\BuildLiteBehavior [ RunTime:0.001000s ]
INFO: [ app_init ] --END-- [ RunTime:0.001000s ]

[ 2019-06-18T21:38:48+08:00 ] 127.0.0.1 /index.php?m=admin&c=index&a=index
INFO: [ app_init ] --START--
INFO: Run Behavior\BuildLiteBehavior [ RunTime:0.000000s ]
INFO: [ app_init ] --END-- [ RunTime:0.000000s ]

[ 2019-06-18T21:38:49+08:00 ] 127.0.0.1 /index.php?m=admin&c=post&a=index
INFO: [ app_init ] --START--
INFO: Run Behavior\BuildLiteBehavior [ RunTime:0.000000s ]
INFO: [ app_init ] --END-- [ RunTime:0.000000s ]

[ 2019-06-18T21:40:44+08:00 ] 127.0.0.1 /index.php?m=admin&c=post&a=index
INFO: [ app_init ] --START--
INFO: Run Behavior\BuildLiteBehavior [ RunTime:0.000000s ]
INFO: [ app_init ] --END-- [ RunTime:0.000000s ]

[ 2019-06-18T21:47:06+08:00 ] 127.0.0.1 /index.php?m=admin&c=post&a=index
INFO: [ app_init ] --START--
INFO: Run Behavior\BuildLiteBehavior [ RunTime:0.000000s ]
INFO: [ app_init ] --END-- [ RunTime:0.000000s ]
ERR: Too few arguments to function Think\Model::where(), 0 passed in F:\wamp64\www\mybbs\Application\Admin\Controller\PostController.class.php on line 19 and at least 1 expected

[ 2019-06-18T21:48:16+08:00 ] 127.0.0.1 /index.php?m=admin&c=post&a=index
INFO: [ app_init ] --START--
INFO: Run Behavior\BuildLiteBehavior [ RunTime:0.000000s ]
INFO: [ app_init ] --END-- [ RunTime:0.000000s ]

[ 2019-06-18T21:48:46+08:00 ] 127.0.0.1 /index.php?m=admin&c=post&a=index
INFO: [ app_init ] --START--
INFO: Run Behavior\BuildLiteBehavior [ RunTime:0.000000s ]
INFO: [ app_init ] --END-- [ RunTime:0.001000s ]
ERR: syntax error, unexpected '*'

[ 2019-06-18T21:48:56+08:00 ] 127.0.0.1 /index.php?m=admin&c=post&a=index
INFO: [ app_init ] --START--
INFO: Run Behavior\BuildLiteBehavior [ RunTime:0.000000s ]
INFO: [ app_init ] --END-- [ RunTime:0.000000s ]

[ 2019-06-18T21:49:15+08:00 ] 127.0.0.1 /index.php?m=admin&c=post&a=index
INFO: [ app_init ] --START--
INFO: Run Behavior\BuildLiteBehavior [ RunTime:0.000000s ]
INFO: [ app_init ] --END-- [ RunTime:0.000000s ]

[ 2019-06-18T21:50:54+08:00 ] 127.0.0.1 /index.php?m=admin&c=post&a=index
INFO: [ app_init ] --START--
INFO: Run Behavior\BuildLiteBehavior [ RunTime:0.000000s ]
INFO: [ app_init ] --END-- [ RunTime:0.002000s ]
ERR: syntax error, unexpected '' (T_ENCAPSED_AND_WHITESPACE), expecting '-' or identifier (T_STRING) or variable (T_VARIABLE) or number (T_NUM_STRING)

[ 2019-06-18T21:52:21+08:00 ] 127.0.0.1 /index.php?m=admin&c=post&a=index
INFO: [ app_init ] --START--
INFO: Run Behavior\BuildLiteBehavior [ RunTime:0.000000s ]
INFO: [ app_init ] --END-- [ RunTime:0.001000s ]

[ 2019-06-18T21:52:27+08:00 ] 127.0.0.1 /index.php?m=admin&c=post&a=index
INFO: [ app_init ] --START--
INFO: Run Behavior\BuildLiteBehavior [ RunTime:0.000000s ]
INFO: [ app_init ] --END-- [ RunTime:0.001000s ]

[ 2019-06-18T21:52:47+08:00 ] 127.0.0.1 /index.php?m=admin&c=post&a=index
INFO: [ app_init ] --START--
INFO: Run Behavior\BuildLiteBehavior [ RunTime:0.000000s ]
INFO: [ app_init ] --END-- [ RunTime:0.001000s ]

[ 2019-06-18T21:53:49+08:00 ] 127.0.0.1 /index.php?m=admin&c=post&a=index
INFO: [ app_init ] --START--
INFO: Run Behavior\BuildLiteBehavior [ RunTime:0.000000s ]
INFO: [ app_init ] --END-- [ RunTime:0.001000s ]
ERR: syntax error, unexpected '' (T_ENCAPSED_AND_WHITESPACE), expecting '-' or identifier (T_STRING) or variable (T_VARIABLE) or number (T_NUM_STRING)

[ 2019-06-18T21:54:19+08:00 ] 127.0.0.1 /index.php?m=admin&c=post&a=index
INFO: [ app_init ] --START--
INFO: Run Behavior\BuildLiteBehavior [ RunTime:0.000000s ]
INFO: [ app_init ] --END-- [ RunTime:0.001000s ]

[ 2019-06-18T21:55:25+08:00 ] 127.0.0.1 /index.php?m=admin&c=post&a=index
INFO: [ app_init ] --START--
INFO: Run Behavior\BuildLiteBehavior [ RunTime:0.000000s ]
INFO: [ app_init ] --END-- [ RunTime:0.000000s ]

[ 2019-06-18T21:55:32+08:00 ] 127.0.0.1 /index.php?m=admin&c=post&a=index
INFO: [ app_init ] --START--
INFO: Run Behavior\BuildLiteBehavior [ RunTime:0.000000s ]
INFO: [ app_init ] --END-- [ RunTime:0.000000s ]

[ 2019-06-18T21:57:52+08:00 ] 127.0.0.1 /index.php?m=admin&c=post&a=index
INFO: [ app_init ] --START--
INFO: Run Behavior\BuildLiteBehavior [ RunTime:0.000000s ]
INFO: [ app_init ] --END-- [ RunTime:0.000000s ]

[ 2019-06-18T21:58:14+08:00 ] 127.0.0.1 /index.php?m=admin&c=post&a=index
INFO: [ app_init ] --START--
INFO: Run Behavior\BuildLiteBehavior [ RunTime:0.000000s ]
INFO: [ app_init ] --END-- [ RunTime:0.000000s ]

[ 2019-06-18T21:58:42+08:00 ] 127.0.0.1 /index.php?m=admin&c=post&a=index
INFO: [ app_init ] --START--
INFO: Run Behavior\BuildLiteBehavior [ RunTime:0.000000s ]
INFO: [ app_init ] --END-- [ RunTime:0.000000s ]

[ 2019-06-18T21:59:12+08:00 ] 127.0.0.1 /index.php?m=admin&c=post&a=index
INFO: [ app_init ] --START--
INFO: Run Behavior\BuildLiteBehavior [ RunTime:0.000000s ]
INFO: [ app_init ] --END-- [ RunTime:0.001000s ]

[ 2019-06-18T21:59:29+08:00 ] 127.0.0.1 /index.php?m=admin&c=post&a=index
INFO: [ app_init ] --START--
INFO: Run Behavior\BuildLiteBehavior [ RunTime:0.000000s ]
INFO: [ app_init ] --END-- [ RunTime:0.000000s ]

[ 2019-06-18T22:00:38+08:00 ] 127.0.0.1 /index.php?m=admin&c=post&a=index
INFO: [ app_init ] --START--
INFO: Run Behavior\BuildLiteBehavior [ RunTime:0.000000s ]
INFO: [ app_init ] --END-- [ RunTime:0.000000s ]

[ 2019-06-18T22:03:03+08:00 ] 127.0.0.1 /index.php?m=admin&c=post&a=index
INFO: [ app_init ] --START--
INFO: Run Behavior\BuildLiteBehavior [ RunTime:0.000000s ]
INFO: [ app_init ] --END-- [ RunTime:0.000000s ]
ERR: syntax error, unexpected 'echo' (T_ECHO)

[ 2019-06-18T22:03:10+08:00 ] 127.0.0.1 /index.php?m=admin&c=post&a=index
INFO: [ app_init ] --START--
INFO: Run Behavior\BuildLiteBehavior [ RunTime:0.000000s ]
INFO: [ app_init ] --END-- [ RunTime:0.001000s ]

[ 2019-06-18T22:04:12+08:00 ] 127.0.0.1 /index.php?m=admin&c=post&a=index
INFO: [ app_init ] --START--
INFO: Run Behavior\BuildLiteBehavior [ RunTime:0.000000s ]
INFO: [ app_init ] --END-- [ RunTime:0.000000s ]

[ 2019-06-18T22:04:54+08:00 ] 127.0.0.1 /index.php?m=admin&c=post&a=index
INFO: [ app_init ] --START--
INFO: Run Behavior\BuildLiteBehavior [ RunTime:0.000000s ]
INFO: [ app_init ] --END-- [ RunTime:0.000000s ]

[ 2019-06-18T22:05:04+08:00 ] 127.0.0.1 /index.php?m=admin&c=post&a=index
INFO: [ app_init ] --START--
INFO: Run Behavior\BuildLiteBehavior [ RunTime:0.000000s ]
INFO: [ app_init ] --END-- [ RunTime:0.001000s ]

[ 2019-06-18T22:05:30+08:00 ] 127.0.0.1 /index.php?m=admin&c=post&a=index
INFO: [ app_init ] --START--
INFO: Run Behavior\BuildLiteBehavior [ RunTime:0.000000s ]
INFO: [ app_init ] --END-- [ RunTime:0.001000s ]

[ 2019-06-18T22:05:59+08:00 ] 127.0.0.1 /index.php?m=admin&c=post&a=index
INFO: [ app_init ] --START--
INFO: Run Behavior\BuildLiteBehavior [ RunTime:0.000000s ]
INFO: [ app_init ] --END-- [ RunTime:0.000000s ]

[ 2019-06-18T22:06:17+08:00 ] 127.0.0.1 /index.php?m=admin&c=post&a=index
INFO: [ app_init ] --START--
INFO: Run Behavior\BuildLiteBehavior [ RunTime:0.000000s ]
INFO: [ app_init ] --END-- [ RunTime:0.001000s ]

[ 2019-06-18T22:06:37+08:00 ] 127.0.0.1 /index.php?m=admin&c=post&a=index
INFO: [ app_init ] --START--
INFO: Run Behavior\BuildLiteBehavior [ RunTime:0.000000s ]
INFO: [ app_init ] --END-- [ RunTime:0.000000s ]

[ 2019-06-18T22:06:44+08:00 ] 127.0.0.1 /index.php?m=admin&c=post&a=index
INFO: [ app_init ] --START--
INFO: Run Behavior\BuildLiteBehavior [ RunTime:0.000000s ]
INFO: [ app_init ] --END-- [ RunTime:0.000000s ]

[ 2019-06-18T22:06:51+08:00 ] 127.0.0.1 /index.php?m=admin&c=post&a=index
INFO: [ app_init ] --START--
INFO: Run Behavior\BuildLiteBehavior [ RunTime:0.000000s ]
INFO: [ app_init ] --END-- [ RunTime:0.000000s ]

[ 2019-06-18T22:07:11+08:00 ] 127.0.0.1 /index.php?m=admin&c=post&a=index
INFO: [ app_init ] --START--
INFO: Run Behavior\BuildLiteBehavior [ RunTime:0.000000s ]
INFO: [ app_init ] --END-- [ RunTime:0.001000s ]

[ 2019-06-18T22:07:35+08:00 ] 127.0.0.1 /index.php?m=admin&c=post&a=index
INFO: [ app_init ] --START--
INFO: Run Behavior\BuildLiteBehavior [ RunTime:0.000000s ]
INFO: [ app_init ] --END-- [ RunTime:0.000000s ]

[ 2019-06-18T22:07:56+08:00 ] 127.0.0.1 /index.php?m=admin&c=post&a=index
INFO: [ app_init ] --START--
INFO: Run Behavior\BuildLiteBehavior [ RunTime:0.000000s ]
INFO: [ app_init ] --END-- [ RunTime:0.000000s ]

[ 2019-06-18T22:08:15+08:00 ] 127.0.0.1 /index.php?m=admin&c=post&a=index
INFO: [ app_init ] --START--
INFO: Run Behavior\BuildLiteBehavior [ RunTime:0.000000s ]
INFO: [ app_init ] --END-- [ RunTime:0.001000s ]

[ 2019-06-18T22:08:54+08:00 ] 127.0.0.1 /index.php?m=admin&c=post&a=index
INFO: [ app_init ] --START--
INFO: Run Behavior\BuildLiteBehavior [ RunTime:0.000000s ]
INFO: [ app_init ] --END-- [ RunTime:0.000000s ]

[ 2019-06-18T22:09:11+08:00 ] 127.0.0.1 /index.php?m=admin&c=post&a=index
INFO: [ app_init ] --START--
INFO: Run Behavior\BuildLiteBehavior [ RunTime:0.000000s ]
INFO: [ app_init ] --END-- [ RunTime:0.000000s ]

[ 2019-06-18T22:09:14+08:00 ] 127.0.0.1 /index.php?m=admin&c=post&a=index
INFO: [ app_init ] --START--
INFO: Run Behavior\BuildLiteBehavior [ RunTime:0.000000s ]
INFO: [ app_init ] --END-- [ RunTime:0.000000s ]

[ 2019-06-18T22:10:29+08:00 ] 127.0.0.1 /index.php?m=admin&c=post&a=index
INFO: [ app_init ] --START--
INFO: Run Behavior\BuildLiteBehavior [ RunTime:0.000000s ]
INFO: [ app_init ] --END-- [ RunTime:0.001000s ]
ERR: 1054:Unknown column '$' in 'where clause'
 [ SQL语句 ] : SELECT * FROM `bbs_user` WHERE ( uid=$ ) 

[ 2019-06-18T22:10:36+08:00 ] 127.0.0.1 /index.php?m=admin&c=post&a=index
INFO: [ app_init ] --START--
INFO: Run Behavior\BuildLiteBehavior [ RunTime:0.000000s ]
INFO: [ app_init ] --END-- [ RunTime:0.001000s ]

[ 2019-06-18T22:10:48+08:00 ] 127.0.0.1 /index.php?m=admin&c=post&a=index
INFO: [ app_init ] --START--
INFO: Run Behavior\BuildLiteBehavior [ RunTime:0.000000s ]
INFO: [ app_init ] --END-- [ RunTime:0.000000s ]

[ 2019-06-18T22:11:08+08:00 ] 127.0.0.1 /index.php?m=admin&c=post&a=index
INFO: [ app_init ] --START--
INFO: Run Behavior\BuildLiteBehavior [ RunTime:0.000000s ]
INFO: [ app_init ] --END-- [ RunTime:0.001000s ]

[ 2019-06-18T22:11:20+08:00 ] 127.0.0.1 /index.php?m=admin&c=post&a=index
INFO: [ app_init ] --START--
INFO: Run Behavior\BuildLiteBehavior [ RunTime:0.000000s ]
INFO: [ app_init ] --END-- [ RunTime:0.001000s ]

[ 2019-06-18T22:11:52+08:00 ] 127.0.0.1 /index.php?m=admin&c=post&a=index
INFO: [ app_init ] --START--
INFO: Run Behavior\BuildLiteBehavior [ RunTime:0.000000s ]
INFO: [ app_init ] --END-- [ RunTime:0.001000s ]
ERR: 1064:You have an error in your SQL syntax; check the manual that corresponds to your MySQL server version for the right syntax to use near ') LIMIT 1' at line 1
 [ SQL语句 ] : SELECT * FROM `bbs_user` WHERE ( uid= ) LIMIT 1  

[ 2019-06-18T22:12:02+08:00 ] 127.0.0.1 /index.php?m=admin&c=post&a=index
INFO: [ app_init ] --START--
INFO: Run Behavior\BuildLiteBehavior [ RunTime:0.000000s ]
INFO: [ app_init ] --END-- [ RunTime:0.000000s ]

[ 2019-06-18T22:18:43+08:00 ] 127.0.0.1 /index.php?m=admin&c=login&a=login
INFO: [ app_init ] --START--
INFO: Run Behavior\BuildLiteBehavior [ RunTime:0.000000s ]
INFO: [ app_init ] --END-- [ RunTime:0.001000s ]

[ 2019-06-18T22:18:43+08:00 ] 127.0.0.1 /index.php?m=admin&c=login&a=code
INFO: [ app_init ] --START--
INFO: Run Behavior\BuildLiteBehavior [ RunTime:0.000000s ]
INFO: [ app_init ] --END-- [ RunTime:0.000000s ]

[ 2019-06-18T22:18:48+08:00 ] 127.0.0.1 /index.php?m=admin&c=login&a=dologin
INFO: [ app_init ] --START--
INFO: Run Behavior\BuildLiteBehavior [ RunTime:0.000000s ]
INFO: [ app_init ] --END-- [ RunTime:0.000000s ]

[ 2019-06-18T22:18:49+08:00 ] 127.0.0.1 /index.php?m=admin&c=index&a=index
INFO: [ app_init ] --START--
INFO: Run Behavior\BuildLiteBehavior [ RunTime:0.000000s ]
INFO: [ app_init ] --END-- [ RunTime:0.000000s ]

[ 2019-06-18T22:18:52+08:00 ] 127.0.0.1 /index.php?m=admin&c=post&a=index
INFO: [ app_init ] --START--
INFO: Run Behavior\BuildLiteBehavior [ RunTime:0.000000s ]
INFO: [ app_init ] --END-- [ RunTime:0.000000s ]
ERR: Call to undefined function Admin\Controller\array_colum()

[ 2019-06-18T22:19:39+08:00 ] 127.0.0.1 /index.php?m=admin&c=post&a=index
INFO: [ app_init ] --START--
INFO: Run Behavior\BuildLiteBehavior [ RunTime:0.000000s ]
INFO: [ app_init ] --END-- [ RunTime:0.001000s ]

[ 2019-06-18T22:19:51+08:00 ] 127.0.0.1 /index.php?m=admin&c=post&a=index
INFO: [ app_init ] --START--
INFO: Run Behavior\BuildLiteBehavior [ RunTime:0.000000s ]
INFO: [ app_init ] --END-- [ RunTime:0.000000s ]

[ 2019-06-18T22:26:42+08:00 ] 127.0.0.1 /index.php?m=admin&c=post&a=index
INFO: [ app_init ] --START--
INFO: Run Behavior\BuildLiteBehavior [ RunTime:0.001000s ]
INFO: [ app_init ] --END-- [ RunTime:0.001000s ]

[ 2019-06-18T22:27:12+08:00 ] 127.0.0.1 /index.php?m=admin&c=post&a=index
INFO: [ app_init ] --START--
INFO: Run Behavior\BuildLiteBehavior [ RunTime:0.000000s ]
INFO: [ app_init ] --END-- [ RunTime:0.000000s ]

[ 2019-06-18T22:27:32+08:00 ] 127.0.0.1 /index.php?m=admin&c=post&a=index
INFO: [ app_init ] --START--
INFO: Run Behavior\BuildLiteBehavior [ RunTime:0.000000s ]
INFO: [ app_init ] --END-- [ RunTime:0.001000s ]

[ 2019-06-18T22:27:36+08:00 ] 127.0.0.1 /index.php?m=admin&c=post&a=index
INFO: [ app_init ] --START--
INFO: Run Behavior\BuildLiteBehavior [ RunTime:0.000000s ]
INFO: [ app_init ] --END-- [ RunTime:0.000000s ]

[ 2019-06-18T22:28:00+08:00 ] 127.0.0.1 /index.php?m=admin&c=post&a=index
INFO: [ app_init ] --START--
INFO: Run Behavior\BuildLiteBehavior [ RunTime:0.000000s ]
INFO: [ app_init ] --END-- [ RunTime:0.000000s ]

[ 2019-06-18T22:28:02+08:00 ] 127.0.0.1 /index.php?m=admin&c=post&a=index
INFO: [ app_init ] --START--
INFO: Run Behavior\BuildLiteBehavior [ RunTime:0.000000s ]
INFO: [ app_init ] --END-- [ RunTime:0.000000s ]

[ 2019-06-18T22:28:02+08:00 ] 127.0.0.1 /index.php?m=admin&c=post&a=index
INFO: [ app_init ] --START--
INFO: Run Behavior\BuildLiteBehavior [ RunTime:0.000000s ]
INFO: [ app_init ] --END-- [ RunTime:0.001000s ]

[ 2019-06-18T22:28:02+08:00 ] 127.0.0.1 /index.php?m=admin&c=post&a=index
INFO: [ app_init ] --START--
INFO: Run Behavior\BuildLiteBehavior [ RunTime:0.000000s ]
INFO: [ app_init ] --END-- [ RunTime:0.000000s ]

[ 2019-06-18T22:29:03+08:00 ] 127.0.0.1 /index.php?m=admin&c=post&a=index
INFO: [ app_init ] --START--
INFO: Run Behavior\BuildLiteBehavior [ RunTime:0.000000s ]
INFO: [ app_init ] --END-- [ RunTime:0.000000s ]

[ 2019-06-18T22:29:33+08:00 ] 127.0.0.1 /index.php?m=admin&c=post&a=index
INFO: [ app_init ] --START--
INFO: Run Behavior\BuildLiteBehavior [ RunTime:0.000000s ]
INFO: [ app_init ] --END-- [ RunTime:0.001000s ]

[ 2019-06-18T22:29:34+08:00 ] 127.0.0.1 /index.php?m=admin&c=post&a=index
INFO: [ app_init ] --START--
INFO: Run Behavior\BuildLiteBehavior [ RunTime:0.000000s ]
INFO: [ app_init ] --END-- [ RunTime:0.000000s ]

[ 2019-06-18T22:29:34+08:00 ] 127.0.0.1 /index.php?m=admin&c=post&a=index
INFO: [ app_init ] --START--
INFO: Run Behavior\BuildLiteBehavior [ RunTime:0.000000s ]
INFO: [ app_init ] --END-- [ RunTime:0.000000s ]

[ 2019-06-18T22:29:47+08:00 ] 127.0.0.1 /index.php?m=admin&c=post&a=index
INFO: [ app_init ] --START--
INFO: Run Behavior\BuildLiteBehavior [ RunTime:0.000000s ]
INFO: [ app_init ] --END-- [ RunTime:0.001000s ]

[ 2019-06-18T22:30:07+08:00 ] 127.0.0.1 /index.php?m=admin&c=post&a=index
INFO: [ app_init ] --START--
INFO: Run Behavior\BuildLiteBehavior [ RunTime:0.000000s ]
INFO: [ app_init ] --END-- [ RunTime:0.000000s ]

[ 2019-06-18T22:32:13+08:00 ] 127.0.0.1 /index.php?m=admin&c=post&a=index
INFO: [ app_init ] --START--
INFO: Run Behavior\BuildLiteBehavior [ RunTime:0.000000s ]
INFO: [ app_init ] --END-- [ RunTime:0.001000s ]

[ 2019-06-18T22:33:21+08:00 ] 127.0.0.1 /index.php?m=admin&c=post&a=index
INFO: [ app_init ] --START--
INFO: Run Behavior\BuildLiteBehavior [ RunTime:0.000000s ]
INFO: [ app_init ] --END-- [ RunTime:0.000000s ]

[ 2019-06-18T22:33:30+08:00 ] 127.0.0.1 /index.php?m=admin&c=post&a=index
INFO: [ app_init ] --START--
INFO: Run Behavior\BuildLiteBehavior [ RunTime:0.000000s ]
INFO: [ app_init ] --END-- [ RunTime:0.000000s ]

[ 2019-06-18T22:37:30+08:00 ] 127.0.0.1 /index.php?m=admin&c=post&a=index
INFO: [ app_init ] --START--
INFO: Run Behavior\BuildLiteBehavior [ RunTime:0.000000s ]
INFO: [ app_init ] --END-- [ RunTime:0.000000s ]

[ 2019-06-18T22:37:37+08:00 ] 127.0.0.1 /index.php?m=admin&c=post&a=index
INFO: [ app_init ] --START--
INFO: Run Behavior\BuildLiteBehavior [ RunTime:0.000000s ]
INFO: [ app_init ] --END-- [ RunTime:0.000000s ]

[ 2019-06-18T22:41:02+08:00 ] 127.0.0.1 /index.php?m=admin&c=post&a=index
INFO: [ app_init ] --START--
INFO: Run Behavior\BuildLiteBehavior [ RunTime:0.000000s ]
INFO: [ app_init ] --END-- [ RunTime:0.000000s ]

[ 2019-06-18T22:41:16+08:00 ] 127.0.0.1 /index.php?m=admin&c=post&a=index
INFO: [ app_init ] --START--
INFO: Run Behavior\BuildLiteBehavior [ RunTime:0.000000s ]
INFO: [ app_init ] --END-- [ RunTime:0.000000s ]
ERR: syntax error, unexpected '' (T_ENCAPSED_AND_WHITESPACE), expecting '-' or identifier (T_STRING) or variable (T_VARIABLE) or number (T_NUM_STRING)

[ 2019-06-18T22:41:45+08:00 ] 127.0.0.1 /index.php?m=admin&c=post&a=index
INFO: [ app_init ] --START--
INFO: Run Behavior\BuildLiteBehavior [ RunTime:0.000000s ]
INFO: [ app_init ] --END-- [ RunTime:0.000000s ]
ERR: 1064:You have an error in your SQL syntax; check the manual that corresponds to your MySQL server version for the right syntax to use near ') LIMIT 1' at line 1
 [ SQL语句 ] : SELECT * FROM `bbs_user` WHERE ( uid= ) LIMIT 1  

[ 2019-06-18T22:42:11+08:00 ] 127.0.0.1 /index.php?m=admin&c=post&a=index
INFO: [ app_init ] --START--
INFO: Run Behavior\BuildLiteBehavior [ RunTime:0.000000s ]
INFO: [ app_init ] --END-- [ RunTime:0.000000s ]

[ 2019-06-18T22:44:17+08:00 ] 127.0.0.1 /index.php?m=admin&c=post&a=index
INFO: [ app_init ] --START--
INFO: Run Behavior\BuildLiteBehavior [ RunTime:0.000000s ]
INFO: [ app_init ] --END-- [ RunTime:0.001000s ]

[ 2019-06-18T22:48:27+08:00 ] 127.0.0.1 /index.php?m=admin&c=post&a=index
INFO: [ app_init ] --START--
INFO: Run Behavior\BuildLiteBehavior [ RunTime:0.000000s ]
INFO: [ app_init ] --END-- [ RunTime:0.000000s ]

[ 2019-06-18T22:49:01+08:00 ] 127.0.0.1 /index.php?m=admin&c=post&a=edit
INFO: [ app_init ] --START--
INFO: Run Behavior\BuildLiteBehavior [ RunTime:0.000000s ]
INFO: [ app_init ] --END-- [ RunTime:0.000000s ]
ERR: 非法操作:edit

[ 2019-06-18T22:49:09+08:00 ] 127.0.0.1 /index.php?m=admin&c=post&a=del&pid=7
INFO: [ app_init ] --START--
INFO: Run Behavior\BuildLiteBehavior [ RunTime:0.000000s ]
INFO: [ app_init ] --END-- [ RunTime:0.001000s ]

[ 2019-06-18T22:49:12+08:00 ] 127.0.0.1 /index.php?m=admin&c=post&a=index
INFO: [ app_init ] --START--
INFO: Run Behavior\BuildLiteBehavior [ RunTime:0.000000s ]
INFO: [ app_init ] --END-- [ RunTime:0.000000s ]

[ 2019-06-18T22:49:13+08:00 ] 127.0.0.1 /index.php?m=admin&c=post&a=index
INFO: [ app_init ] --START--
INFO: Run Behavior\BuildLiteBehavior [ RunTime:0.000000s ]
INFO: [ app_init ] --END-- [ RunTime:0.000000s ]

[ 2019-06-18T22:49:24+08:00 ] 127.0.0.1 /index.php?m=admin&c=post&a=index
INFO: [ app_init ] --START--
INFO: Run Behavior\BuildLiteBehavior [ RunTime:0.000000s ]
INFO: [ app_init ] --END-- [ RunTime:0.001000s ]

[ 2019-06-18T22:49:24+08:00 ] 127.0.0.1 /index.php?m=admin&c=post&a=index
INFO: [ app_init ] --START--
INFO: Run Behavior\BuildLiteBehavior [ RunTime:0.000000s ]
INFO: [ app_init ] --END-- [ RunTime:0.000000s ]

[ 2019-06-18T22:49:25+08:00 ] 127.0.0.1 /index.php?m=admin&c=post&a=index
INFO: [ app_init ] --START--
INFO: Run Behavior\BuildLiteBehavior [ RunTime:0.000000s ]
INFO: [ app_init ] --END-- [ RunTime:0.000000s ]

[ 2019-06-18T22:49:25+08:00 ] 127.0.0.1 /index.php?m=admin&c=post&a=index
INFO: [ app_init ] --START--
INFO: Run Behavior\BuildLiteBehavior [ RunTime:0.000000s ]
INFO: [ app_init ] --END-- [ RunTime:0.000000s ]

[ 2019-06-18T22:49:28+08:00 ] 127.0.0.1 /index.php?m=admin&c=post&a=del&pid=7
INFO: [ app_init ] --START--
INFO: Run Behavior\BuildLiteBehavior [ RunTime:0.000000s ]
INFO: [ app_init ] --END-- [ RunTime:0.000000s ]

[ 2019-06-18T22:49:32+08:00 ] 127.0.0.1 /index.php?m=admin&c=post&a=index
INFO: [ app_init ] --START--
INFO: Run Behavior\BuildLiteBehavior [ RunTime:0.000000s ]
INFO: [ app_init ] --END-- [ RunTime:0.000000s ]

[ 2019-06-18T22:49:35+08:00 ] 127.0.0.1 /index.php?m=admin&c=post&a=index
INFO: [ app_init ] --START--
INFO: Run Behavior\BuildLiteBehavior [ RunTime:0.000000s ]
INFO: [ app_init ] --END-- [ RunTime:0.001000s ]

[ 2019-06-18T22:55:08+08:00 ] 127.0.0.1 /index.php?m=admin&c=post&a=index
INFO: [ app_init ] --START--
INFO: Run Behavior\BuildLiteBehavior [ RunTime:0.000000s ]
INFO: [ app_init ] --END-- [ RunTime:0.000000s ]

[ 2019-06-18T23:02:29+08:00 ] 127.0.0.1 /index.php?m=admin&c=post&a=index
INFO: [ app_init ] --START--
INFO: Run Behavior\BuildLiteBehavior [ RunTime:0.000000s ]
INFO: [ app_init ] --END-- [ RunTime:0.000000s ]

[ 2019-06-18T23:02:49+08:00 ] 127.0.0.1 /index.php?m=admin&c=post&a=del&pid=21
INFO: [ app_init ] --START--
INFO: Run Behavior\BuildLiteBehavior [ RunTime:0.000000s ]
INFO: [ app_init ] --END-- [ RunTime:0.000000s ]

[ 2019-06-18T23:02:50+08:00 ] 127.0.0.1 /index.php?m=admin&c=post&a=index
INFO: [ app_init ] --START--
INFO: Run Behavior\BuildLiteBehavior [ RunTime:0.000000s ]
INFO: [ app_init ] --END-- [ RunTime:0.000000s ]

[ 2019-06-18T23:05:59+08:00 ] 127.0.0.1 /index.php?m=admin&c=post&a=index
INFO: [ app_init ] --START--
INFO: Run Behavior\BuildLiteBehavior [ RunTime:0.000000s ]
INFO: [ app_init ] --END-- [ RunTime:0.001000s ]
ERR: Call to a member function count() on null

[ 2019-06-18T23:06:32+08:00 ] 127.0.0.1 /index.php?m=admin&c=post&a=index
INFO: [ app_init ] --START--
INFO: Run Behavior\BuildLiteBehavior [ RunTime:0.000000s ]
INFO: [ app_init ] --END-- [ RunTime:0.001000s ]
ERR: Call to a member function M() on null

[ 2019-06-18T23:06:50+08:00 ] 127.0.0.1 /index.php?m=admin&c=post&a=index
INFO: [ app_init ] --START--
INFO: Run Behavior\BuildLiteBehavior [ RunTime:0.000000s ]
INFO: [ app_init ] --END-- [ RunTime:0.001000s ]

[ 2019-06-18T23:07:31+08:00 ] 127.0.0.1 /index.php?m=admin&c=post&a=index
INFO: [ app_init ] --START--
INFO: Run Behavior\BuildLiteBehavior [ RunTime:0.000000s ]
INFO: [ app_init ] --END-- [ RunTime:0.000000s ]

[ 2019-06-18T23:08:11+08:00 ] 127.0.0.1 /index.php?m=admin&c=post&a=index
INFO: [ app_init ] --START--
INFO: Run Behavior\BuildLiteBehavior [ RunTime:0.000000s ]
INFO: [ app_init ] --END-- [ RunTime:0.000000s ]

[ 2019-06-18T23:08:11+08:00 ] 127.0.0.1 /index.php?m=admin&c=post&a=index
INFO: [ app_init ] --START--
INFO: Run Behavior\BuildLiteBehavior [ RunTime:0.000000s ]
INFO: [ app_init ] --END-- [ RunTime:0.001000s ]

[ 2019-06-18T23:08:12+08:00 ] 127.0.0.1 /index.php?m=admin&c=post&a=index
INFO: [ app_init ] --START--
INFO: Run Behavior\BuildLiteBehavior [ RunTime:0.000000s ]
INFO: [ app_init ] --END-- [ RunTime:0.000000s ]

[ 2019-06-18T23:08:12+08:00 ] 127.0.0.1 /index.php?m=admin&c=post&a=index
INFO: [ app_init ] --START--
INFO: Run Behavior\BuildLiteBehavior [ RunTime:0.000000s ]
INFO: [ app_init ] --END-- [ RunTime:0.000000s ]

[ 2019-06-18T23:08:14+08:00 ] 127.0.0.1 /index.php?m=admin&c=user&a=index
INFO: [ app_init ] --START--
INFO: Run Behavior\BuildLiteBehavior [ RunTime:0.000000s ]
INFO: [ app_init ] --END-- [ RunTime:0.000000s ]

[ 2019-06-18T23:08:15+08:00 ] 127.0.0.1 /index.php?m=admin&c=post&a=index
INFO: [ app_init ] --START--
INFO: Run Behavior\BuildLiteBehavior [ RunTime:0.000000s ]
INFO: [ app_init ] --END-- [ RunTime:0.000000s ]

[ 2019-06-18T23:09:18+08:00 ] 127.0.0.1 /index.php?m=admin&c=login&a=logout
INFO: [ app_init ] --START--
INFO: Run Behavior\BuildLiteBehavior [ RunTime:0.000000s ]
INFO: [ app_init ] --END-- [ RunTime:0.001000s ]

[ 2019-06-18T23:09:19+08:00 ] 127.0.0.1 /index.php?m=admin&c=post&a=index
INFO: [ app_init ] --START--
INFO: Run Behavior\BuildLiteBehavior [ RunTime:0.000000s ]
INFO: [ app_init ] --END-- [ RunTime:0.001000s ]

[ 2019-06-18T23:09:22+08:00 ] 127.0.0.1 /index.php?m=admin&c=login&a=login
INFO: [ app_init ] --START--
INFO: Run Behavior\BuildLiteBehavior [ RunTime:0.000000s ]
INFO: [ app_init ] --END-- [ RunTime:0.000000s ]

[ 2019-06-18T23:09:22+08:00 ] 127.0.0.1 /index.php?m=admin&c=login&a=code
INFO: [ app_init ] --START--
INFO: Run Behavior\BuildLiteBehavior [ RunTime:0.000000s ]
INFO: [ app_init ] --END-- [ RunTime:0.000000s ]

[ 2019-06-18T23:09:32+08:00 ] 127.0.0.1 /index.php?m=admin&c=login&a=code&q=0.659313763097114
INFO: [ app_init ] --START--
INFO: Run Behavior\BuildLiteBehavior [ RunTime:0.000000s ]
INFO: [ app_init ] --END-- [ RunTime:0.000000s ]

[ 2019-06-18T23:09:33+08:00 ] 127.0.0.1 /index.php?m=admin&c=login&a=code&q=0.06103993029147925
INFO: [ app_init ] --START--
INFO: Run Behavior\BuildLiteBehavior [ RunTime:0.000000s ]
INFO: [ app_init ] --END-- [ RunTime:0.000000s ]

[ 2019-06-18T23:09:37+08:00 ] 127.0.0.1 /index.php?m=admin&c=login&a=dologin
INFO: [ app_init ] --START--
INFO: Run Behavior\BuildLiteBehavior [ RunTime:0.000000s ]
INFO: [ app_init ] --END-- [ RunTime:0.000000s ]

[ 2019-06-18T23:09:38+08:00 ] 127.0.0.1 /index.php?m=admin&c=index&a=index
INFO: [ app_init ] --START--
INFO: Run Behavior\BuildLiteBehavior [ RunTime:0.000000s ]
INFO: [ app_init ] --END-- [ RunTime:0.001000s ]

[ 2019-06-18T23:09:39+08:00 ] 127.0.0.1 /index.php?m=admin&c=post&a=index
INFO: [ app_init ] --START--
INFO: Run Behavior\BuildLiteBehavior [ RunTime:0.000000s ]
INFO: [ app_init ] --END-- [ RunTime:0.000000s ]

[ 2019-06-18T23:10:08+08:00 ] 127.0.0.1 /index.php?m=admin&c=post&a=index
INFO: [ app_init ] --START--
INFO: Run Behavior\BuildLiteBehavior [ RunTime:0.000000s ]
INFO: [ app_init ] --END-- [ RunTime:0.000000s ]

[ 2019-06-18T23:10:57+08:00 ] 127.0.0.1 /index.php?m=admin&c=post&a=index
INFO: [ app_init ] --START--
INFO: Run Behavior\BuildLiteBehavior [ RunTime:0.000000s ]
INFO: [ app_init ] --END-- [ RunTime:0.000000s ]
ERR: syntax error, unexpected '*'

[ 2019-06-18T23:11:12+08:00 ] 127.0.0.1 /index.php?m=admin&c=post&a=index
INFO: [ app_init ] --START--
INFO: Run Behavior\BuildLiteBehavior [ RunTime:0.000000s ]
INFO: [ app_init ] --END-- [ RunTime:0.000000s ]

[ 2019-06-18T23:12:26+08:00 ] 127.0.0.1 /index.php?m=admin&c=user&a=index
INFO: [ app_init ] --START--
INFO: Run Behavior\BuildLiteBehavior [ RunTime:0.000000s ]
INFO: [ app_init ] --END-- [ RunTime:0.001000s ]

[ 2019-06-18T23:12:44+08:00 ] 127.0.0.1 /index.php?m=admin&c=user&a=index
INFO: [ app_init ] --START--
INFO: Run Behavior\BuildLiteBehavior [ RunTime:0.000000s ]
INFO: [ app_init ] --END-- [ RunTime:0.000000s ]

[ 2019-06-18T23:12:44+08:00 ] 127.0.0.1 /index.php?m=admin&c=user&a=index
INFO: [ app_init ] --START--
INFO: Run Behavior\BuildLiteBehavior [ RunTime:0.000000s ]
INFO: [ app_init ] --END-- [ RunTime:0.000000s ]

[ 2019-06-18T23:12:45+08:00 ] 127.0.0.1 /index.php?m=admin&c=user&a=index
INFO: [ app_init ] --START--
INFO: Run Behavior\BuildLiteBehavior [ RunTime:0.001000s ]
INFO: [ app_init ] --END-- [ RunTime:0.001000s ]

[ 2019-06-18T23:12:45+08:00 ] 127.0.0.1 /index.php?m=admin&c=post&a=index
INFO: [ app_init ] --START--
INFO: Run Behavior\BuildLiteBehavior [ RunTime:0.000000s ]
INFO: [ app_init ] --END-- [ RunTime:0.000000s ]

[ 2019-06-18T23:12:50+08:00 ] 127.0.0.1 /index.php?m=admin&c=post&a=index
INFO: [ app_init ] --START--
INFO: Run Behavior\BuildLiteBehavior [ RunTime:0.000000s ]
INFO: [ app_init ] --END-- [ RunTime:0.000000s ]

[ 2019-06-18T23:13:20+08:00 ] 127.0.0.1 /index.php/Admin/Post/index/p/2.html
INFO: [ app_init ] --START--
INFO: Run Behavior\BuildLiteBehavior [ RunTime:0.000000s ]
INFO: [ app_init ] --END-- [ RunTime:0.000000s ]

[ 2019-06-18T23:13:22+08:00 ] 127.0.0.1 /index.php/Admin/Post/index/p/index.php?m=admin&c=post&a=del&pid=20
INFO: [ app_init ] --START--
INFO: Run Behavior\BuildLiteBehavior [ RunTime:0.000000s ]
INFO: [ app_init ] --END-- [ RunTime:0.001001s ]

[ 2019-06-18T23:13:26+08:00 ] 127.0.0.1 /index.php/Admin/Post/index/p/2/m/admin/c/post/a/del/pid/20.html
INFO: [ app_init ] --START--
INFO: Run Behavior\BuildLiteBehavior [ RunTime:0.000000s ]
INFO: [ app_init ] --END-- [ RunTime:0.001000s ]

[ 2019-06-18T23:14:09+08:00 ] 127.0.0.1 /index.php/Admin/Post/index/p/2/m/admin/c/post/a/del/pid/20.html
INFO: [ app_init ] --START--
INFO: Run Behavior\BuildLiteBehavior [ RunTime:0.000000s ]
INFO: [ app_init ] --END-- [ RunTime:0.000000s ]

[ 2019-06-18T23:14:10+08:00 ] 127.0.0.1 /index.php/Admin/Post/index/p/2/m/admin/c/post/a/del/pid/index.php?m=admin&c=post&a=del&pid=22
INFO: [ app_init ] --START--
INFO: Run Behavior\BuildLiteBehavior [ RunTime:0.000000s ]
INFO: [ app_init ] --END-- [ RunTime:0.000000s ]

[ 2019-06-18T23:14:13+08:00 ] 127.0.0.1 /index.php/Admin/Post/index/p/2/m/admin/c/post/a/del/pid/index.php?m=admin&c=post&a=del&pid=22
INFO: [ app_init ] --START--
INFO: Run Behavior\BuildLiteBehavior [ RunTime:0.000000s ]
INFO: [ app_init ] --END-- [ RunTime:0.000000s ]

[ 2019-06-18T23:14:35+08:00 ] 127.0.0.1 /index.php/Admin/Post/index/p/2/m/admin/c/post/a/del/pid/index.php?m=admin&c=post&a=del&pid=22
INFO: [ app_init ] --START--
INFO: Run Behavior\BuildLiteBehavior [ RunTime:0.000000s ]
INFO: [ app_init ] --END-- [ RunTime:0.000000s ]

[ 2019-06-18T23:14:35+08:00 ] 127.0.0.1 /index.php/Admin/Post/index/p/2/m/admin/c/post/a/del/pid/index.php?m=admin&c=post&a=del&pid=22
INFO: [ app_init ] --START--
INFO: Run Behavior\BuildLiteBehavior [ RunTime:0.000000s ]
INFO: [ app_init ] --END-- [ RunTime:0.001000s ]

[ 2019-06-18T23:14:37+08:00 ] 127.0.0.1 /index.php/Admin/Post/index/p/2/m/admin/c/post/a/del/pid/index.php?m=admin&c=post&a=del&pid=22
INFO: [ app_init ] --START--
INFO: Run Behavior\BuildLiteBehavior [ RunTime:0.000000s ]
INFO: [ app_init ] --END-- [ RunTime:0.001000s ]

[ 2019-06-18T23:14:39+08:00 ] 127.0.0.1 /index.php/Admin/Post/index/p/2/m/admin/c/post/a/del/pid/index.php?m=admin&c=post&a=del&pid=22
INFO: [ app_init ] --START--
INFO: Run Behavior\BuildLiteBehavior [ RunTime:0.000000s ]
INFO: [ app_init ] --END-- [ RunTime:0.001000s ]

[ 2019-06-18T23:14:40+08:00 ] 127.0.0.1 /index.php/Admin/Post/index/p/2/m/admin/c/post/a/del/pid/index.php?m=admin&c=post&a=del&pid=22
INFO: [ app_init ] --START--
INFO: Run Behavior\BuildLiteBehavior [ RunTime:0.000000s ]
INFO: [ app_init ] --END-- [ RunTime:0.001001s ]

[ 2019-06-18T23:14:41+08:00 ] 127.0.0.1 /index.php/Admin/Post/index/p/2/m/admin/c/post/a/del/pid/index.php?m=admin&c=post&a=del&pid=22
INFO: [ app_init ] --START--
INFO: Run Behavior\BuildLiteBehavior [ RunTime:0.000000s ]
INFO: [ app_init ] --END-- [ RunTime:0.000000s ]

[ 2019-06-18T23:14:41+08:00 ] 127.0.0.1 /index.php/Admin/Post/index/p/2/m/admin/c/post/a/del/pid/index.php?m=admin&c=post&a=del&pid=22
INFO: [ app_init ] --START--
INFO: Run Behavior\BuildLiteBehavior [ RunTime:0.000000s ]
INFO: [ app_init ] --END-- [ RunTime:0.001000s ]

[ 2019-06-18T23:14:57+08:00 ] 127.0.0.1 /index.php/Admin/Post/index/p/2/m/admin/c/post/a/del/pid/index.php?m=admin&c=post&a=del&pid=22
INFO: [ app_init ] --START--
INFO: Run Behavior\BuildLiteBehavior [ RunTime:0.000000s ]
INFO: [ app_init ] --END-- [ RunTime:0.000000s ]

[ 2019-06-18T23:15:00+08:00 ] 127.0.0.1 /index.php/Admin/Post/index/p/2/m/admin/c/post/a/del/pid/index.php?m=admin&c=post&a=del&pid=22
INFO: [ app_init ] --START--
INFO: Run Behavior\BuildLiteBehavior [ RunTime:0.000000s ]
INFO: [ app_init ] --END-- [ RunTime:0.000000s ]

[ 2019-06-18T23:15:00+08:00 ] 127.0.0.1 /index.php/Admin/Post/index/p/2/m/admin/c/post/a/del/pid/index.php?m=admin&c=post&a=del&pid=22
INFO: [ app_init ] --START--
INFO: Run Behavior\BuildLiteBehavior [ RunTime:0.000000s ]
INFO: [ app_init ] --END-- [ RunTime:0.000000s ]

[ 2019-06-18T23:15:01+08:00 ] 127.0.0.1 /index.php/Admin/Post/index/p/2/m/admin/c/post/a/del/pid/index.php?m=admin&c=post&a=del&pid=22
INFO: [ app_init ] --START--
INFO: Run Behavior\BuildLiteBehavior [ RunTime:0.000000s ]
INFO: [ app_init ] --END-- [ RunTime:0.000000s ]

[ 2019-06-18T23:15:01+08:00 ] 127.0.0.1 /index.php/Admin/Post/index/p/1/m/admin/c/post/a/del/pid/22.html
INFO: [ app_init ] --START--
INFO: Run Behavior\BuildLiteBehavior [ RunTime:0.000000s ]
INFO: [ app_init ] --END-- [ RunTime:0.001000s ]

[ 2019-06-18T23:15:06+08:00 ] 127.0.0.1 /index.php?m=admin&c=user&a=index
INFO: [ app_init ] --START--
INFO: Run Behavior\BuildLiteBehavior [ RunTime:0.000000s ]
INFO: [ app_init ] --END-- [ RunTime:0.000000s ]

[ 2019-06-18T23:15:11+08:00 ] 127.0.0.1 /index.php?m=admin&c=post&a=index
INFO: [ app_init ] --START--
INFO: Run Behavior\BuildLiteBehavior [ RunTime:0.000000s ]
INFO: [ app_init ] --END-- [ RunTime:0.000000s ]

[ 2019-06-18T23:15:13+08:00 ] 127.0.0.1 /index.php?m=admin&c=post&a=del&pid=19
INFO: [ app_init ] --START--
INFO: Run Behavior\BuildLiteBehavior [ RunTime:0.000000s ]
INFO: [ app_init ] --END-- [ RunTime:0.001000s ]

[ 2019-06-18T23:15:14+08:00 ] 127.0.0.1 /index.php?m=admin&c=post&a=index
INFO: [ app_init ] --START--
INFO: Run Behavior\BuildLiteBehavior [ RunTime:0.000000s ]
INFO: [ app_init ] --END-- [ RunTime:0.000000s ]

[ 2019-06-18T23:15:17+08:00 ] 127.0.0.1 /index.php/Admin/Post/index/p/2.html
INFO: [ app_init ] --START--
INFO: Run Behavior\BuildLiteBehavior [ RunTime:0.000000s ]
INFO: [ app_init ] --END-- [ RunTime:0.000000s ]

[ 2019-06-18T23:15:19+08:00 ] 127.0.0.1 /index.php/Admin/Post/index/p/1.html
INFO: [ app_init ] --START--
INFO: Run Behavior\BuildLiteBehavior [ RunTime:0.000000s ]
INFO: [ app_init ] --END-- [ RunTime:0.000000s ]

[ 2019-06-18T23:15:21+08:00 ] 127.0.0.1 /index.php/Admin/Post/index/p/2.html
INFO: [ app_init ] --START--
INFO: Run Behavior\BuildLiteBehavior [ RunTime:0.000000s ]
INFO: [ app_init ] --END-- [ RunTime:0.001000s ]

[ 2019-06-18T23:15:26+08:00 ] 127.0.0.1 /index.php/Admin/Post/index/p/index.php?m=admin&c=post&a=del&pid=22
INFO: [ app_init ] --START--
INFO: Run Behavior\BuildLiteBehavior [ RunTime:0.000000s ]
INFO: [ app_init ] --END-- [ RunTime:0.001000s ]

[ 2019-06-18T23:15:27+08:00 ] 127.0.0.1 /index.php/Admin/Post/index/p/2/m/admin/c/post/a/del/pid/22.html
INFO: [ app_init ] --START--
INFO: Run Behavior\BuildLiteBehavior [ RunTime:0.001000s ]
INFO: [ app_init ] --END-- [ RunTime:0.001000s ]

[ 2019-06-18T23:15:33+08:00 ] 127.0.0.1 /index.php/Admin/Post/index/p/2/m/admin/c/post/a/del/pid/index.php?m=admin&c=post&a=del&pid=22
INFO: [ app_init ] --START--
INFO: Run Behavior\BuildLiteBehavior [ RunTime:0.000000s ]
INFO: [ app_init ] --END-- [ RunTime:0.000000s ]

[ 2019-06-18T23:15:44+08:00 ] 127.0.0.1 /index.php?m=admin&c=user&a=create
INFO: [ app_init ] --START--
INFO: Run Behavior\BuildLiteBehavior [ RunTime:0.000000s ]
INFO: [ app_init ] --END-- [ RunTime:0.000000s ]

[ 2019-06-18T23:15:47+08:00 ] 127.0.0.1 /index.php?m=admin&c=login&a=login
INFO: [ app_init ] --START--
INFO: Run Behavior\BuildLiteBehavior [ RunTime:0.000000s ]
INFO: [ app_init ] --END-- [ RunTime:0.000000s ]

[ 2019-06-18T23:15:47+08:00 ] 127.0.0.1 /index.php?m=admin&c=login&a=code
INFO: [ app_init ] --START--
INFO: Run Behavior\BuildLiteBehavior [ RunTime:0.000000s ]
INFO: [ app_init ] --END-- [ RunTime:0.001000s ]

[ 2019-06-18T23:16:05+08:00 ] 127.0.0.1 /index.php?m=admin&c=login&a=code&q=0.9477206742037807
INFO: [ app_init ] --START--
INFO: Run Behavior\BuildLiteBehavior [ RunTime:0.000000s ]
INFO: [ app_init ] --END-- [ RunTime:0.000000s ]

[ 2019-06-18T23:16:07+08:00 ] 127.0.0.1 /index.php?m=admin&c=login&a=code&q=0.9167993161152819
INFO: [ app_init ] --START--
INFO: Run Behavior\BuildLiteBehavior [ RunTime:0.000000s ]
INFO: [ app_init ] --END-- [ RunTime:0.000000s ]

[ 2019-06-18T23:16:08+08:00 ] 127.0.0.1 /index.php?m=admin&c=login&a=code&q=0.5599898805194052
INFO: [ app_init ] --START--
INFO: Run Behavior\BuildLiteBehavior [ RunTime:0.000000s ]
INFO: [ app_init ] --END-- [ RunTime:0.000000s ]

[ 2019-06-18T23:16:09+08:00 ] 127.0.0.1 /index.php?m=admin&c=login&a=code&q=0.5835933613385451
INFO: [ app_init ] --START--
INFO: Run Behavior\BuildLiteBehavior [ RunTime:0.000000s ]
INFO: [ app_init ] --END-- [ RunTime:0.000000s ]

[ 2019-06-18T23:16:15+08:00 ] 127.0.0.1 /index.php?m=admin&c=login&a=code&q=0.1801667456207212
INFO: [ app_init ] --START--
INFO: Run Behavior\BuildLiteBehavior [ RunTime:0.000000s ]
INFO: [ app_init ] --END-- [ RunTime:0.000000s ]

[ 2019-06-18T23:16:19+08:00 ] 127.0.0.1 /index.php?m=admin&c=login&a=dologin
INFO: [ app_init ] --START--
INFO: Run Behavior\BuildLiteBehavior [ RunTime:0.000000s ]
INFO: [ app_init ] --END-- [ RunTime:0.000000s ]

[ 2019-06-18T23:16:20+08:00 ] 127.0.0.1 /index.php?m=admin&c=index&a=index
INFO: [ app_init ] --START--
INFO: Run Behavior\BuildLiteBehavior [ RunTime:0.000000s ]
INFO: [ app_init ] --END-- [ RunTime:0.000000s ]

[ 2019-06-18T23:16:38+08:00 ] 127.0.0.1 /index.php?m=admin&c=post&a=index
INFO: [ app_init ] --START--
INFO: Run Behavior\BuildLiteBehavior [ RunTime:0.000000s ]
INFO: [ app_init ] --END-- [ RunTime:0.001000s ]

[ 2019-06-18T23:16:40+08:00 ] 127.0.0.1 /index.php/Admin/Post/index/p/2.html
INFO: [ app_init ] --START--
INFO: Run Behavior\BuildLiteBehavior [ RunTime:0.000000s ]
INFO: [ app_init ] --END-- [ RunTime:0.000000s ]

[ 2019-06-18T23:16:43+08:00 ] 127.0.0.1 /index.php/Admin/Post/index/p/index.php?m=admin&c=post&a=del&pid=22
INFO: [ app_init ] --START--
INFO: Run Behavior\BuildLiteBehavior [ RunTime:0.000000s ]
INFO: [ app_init ] --END-- [ RunTime:0.000000s ]

[ 2019-06-18T23:16:44+08:00 ] 127.0.0.1 /index.php/Admin/Post/index/p/2/m/admin/c/post/a/del/pid/22.html
INFO: [ app_init ] --START--
INFO: Run Behavior\BuildLiteBehavior [ RunTime:0.000000s ]
INFO: [ app_init ] --END-- [ RunTime:0.001000s ]

[ 2019-06-18T23:16:46+08:00 ] 127.0.0.1 /index.php/Admin/Post/index/p/2/m/admin/c/post/a/del/pid/index.php?m=admin&c=post&a=del&pid=22
INFO: [ app_init ] --START--
INFO: Run Behavior\BuildLiteBehavior [ RunTime:0.000000s ]
INFO: [ app_init ] --END-- [ RunTime:0.000000s ]

[ 2019-06-18T23:16:48+08:00 ] 127.0.0.1 /index.php/Admin/Post/index/p/2/m/admin/c/post/a/del/pid/index.php?m=admin&c=post&a=del&pid=22
INFO: [ app_init ] --START--
INFO: Run Behavior\BuildLiteBehavior [ RunTime:0.000000s ]
INFO: [ app_init ] --END-- [ RunTime:0.000000s ]

[ 2019-06-18T23:16:48+08:00 ] 127.0.0.1 /index.php/Admin/Post/index/p/2/m/admin/c/post/a/del/pid/index.php?m=admin&c=post&a=del&pid=22
INFO: [ app_init ] --START--
INFO: Run Behavior\BuildLiteBehavior [ RunTime:0.000000s ]
INFO: [ app_init ] --END-- [ RunTime:0.000000s ]

[ 2019-06-18T23:16:53+08:00 ] 127.0.0.1 /index.php/Admin/Post/index/p/1/m/admin/c/post/a/del/pid/22.html
INFO: [ app_init ] --START--
INFO: Run Behavior\BuildLiteBehavior [ RunTime:0.000000s ]
INFO: [ app_init ] --END-- [ RunTime:0.000000s ]

[ 2019-06-18T23:16:55+08:00 ] 127.0.0.1 /index.php/Admin/Post/index/p/2/m/admin/c/post/a/del/pid/22.html
INFO: [ app_init ] --START--
INFO: Run Behavior\BuildLiteBehavior [ RunTime:0.000000s ]
INFO: [ app_init ] --END-- [ RunTime:0.001000s ]

[ 2019-06-18T23:17:31+08:00 ] 127.0.0.1 /index.php/Admin/Post/index/p/2/m/admin/c/post/a/del/pid/index.php?m=admin&c=post&a=del&pid=22
INFO: [ app_init ] --START--
INFO: Run Behavior\BuildLiteBehavior [ RunTime:0.000000s ]
INFO: [ app_init ] --END-- [ RunTime:0.001000s ]

[ 2019-06-18T23:17:32+08:00 ] 127.0.0.1 /index.php/Admin/Post/index/p/2/m/admin/c/post/a/del/pid/index.php?m=admin&c=post&a=del&pid=22
INFO: [ app_init ] --START--
INFO: Run Behavior\BuildLiteBehavior [ RunTime:0.000000s ]
INFO: [ app_init ] --END-- [ RunTime:0.000000s ]

[ 2019-06-18T23:17:33+08:00 ] 127.0.0.1 /index.php/Admin/Post/index/p/2/m/admin/c/post/a/del/pid/index.php?m=admin&c=post&a=del&pid=22
INFO: [ app_init ] --START--
INFO: Run Behavior\BuildLiteBehavior [ RunTime:0.000000s ]
INFO: [ app_init ] --END-- [ RunTime:0.001000s ]

[ 2019-06-18T23:18:32+08:00 ] 127.0.0.1 /index.php/Admin/Post/index/p/2/m/admin/c/post/a/del/pid/index.php?m=admin&c=post&a=del&pid=22
INFO: [ app_init ] --START--
INFO: Run Behavior\BuildLiteBehavior [ RunTime:0.000000s ]
INFO: [ app_init ] --END-- [ RunTime:0.001000s ]

[ 2019-06-18T23:18:34+08:00 ] 127.0.0.1 /index.php?m=admin&c=post&a=del&pid=22
INFO: [ app_init ] --START--
INFO: Run Behavior\BuildLiteBehavior [ RunTime:0.000000s ]
INFO: [ app_init ] --END-- [ RunTime:0.001000s ]

[ 2019-06-18T23:18:35+08:00 ] 127.0.0.1 /index.php/Admin/Post/index/p/2/m/admin/c/post/a/del/pid/index.php?m=admin&c=post&a=del&pid=22
INFO: [ app_init ] --START--
INFO: Run Behavior\BuildLiteBehavior [ RunTime:0.000000s ]
INFO: [ app_init ] --END-- [ RunTime:0.000000s ]

[ 2019-06-18T23:18:55+08:00 ] 127.0.0.1 /index.php/Admin/Post/index/p/2/m/admin/c/post/a/del/pid/index.php?m=admin&c=post&a=del&pid=22
INFO: [ app_init ] --START--
INFO: Run Behavior\BuildLiteBehavior [ RunTime:0.000000s ]
INFO: [ app_init ] --END-- [ RunTime:0.000000s ]

[ 2019-06-18T23:19:20+08:00 ] 127.0.0.1 /index.php/Admin/Post/index/p/2/m/admin/c/post/a/del/pid/index.php?m=admin&c=post&a=del&pid=22
INFO: [ app_init ] --START--
INFO: Run Behavior\BuildLiteBehavior [ RunTime:0.000000s ]
INFO: [ app_init ] --END-- [ RunTime:0.001000s ]

[ 2019-06-18T23:19:21+08:00 ] 127.0.0.1 /index.php/Admin/Post/index/p/2/m/admin/c/post/a/del/pid/index.php?m=admin&c=post&a=del&pid=22
INFO: [ app_init ] --START--
INFO: Run Behavior\BuildLiteBehavior [ RunTime:0.000000s ]
INFO: [ app_init ] --END-- [ RunTime:0.000000s ]

[ 2019-06-18T23:19:21+08:00 ] 127.0.0.1 /index.php?m=admin&c=post&a=index
INFO: [ app_init ] --START--
INFO: Run Behavior\BuildLiteBehavior [ RunTime:0.000000s ]
INFO: [ app_init ] --END-- [ RunTime:0.000000s ]

[ 2019-06-18T23:20:45+08:00 ] 127.0.0.1 /index.php?m=admin&c=user&a=create
INFO: [ app_init ] --START--
INFO: Run Behavior\BuildLiteBehavior [ RunTime:0.000000s ]
INFO: [ app_init ] --END-- [ RunTime:0.001000s ]

[ 2019-06-18T23:20:54+08:00 ] 127.0.0.1 /index.php?m=admin&c=user&a=create
INFO: [ app_init ] --START--
INFO: Run Behavior\BuildLiteBehavior [ RunTime:0.001000s ]
INFO: [ app_init ] --END-- [ RunTime:0.001000s ]

[ 2019-06-18T23:21:02+08:00 ] 127.0.0.1 /index.php?m=admin&c=post&a=index
INFO: [ app_init ] --START--
INFO: Run Behavior\BuildLiteBehavior [ RunTime:0.000000s ]
INFO: [ app_init ] --END-- [ RunTime:0.000000s ]

[ 2019-06-18T23:21:06+08:00 ] 127.0.0.1 /index.php/Admin/Post/index/p/2.html
INFO: [ app_init ] --START--
INFO: Run Behavior\BuildLiteBehavior [ RunTime:0.000000s ]
INFO: [ app_init ] --END-- [ RunTime:0.000000s ]

